<?xml version="1.0" encoding="UTF-8"?>
<testsuite xmlns:xsi="http://www.w3.org/2001/XMLSchema-instance" xsi:noNamespaceSchemaLocation="https://maven.apache.org/surefire/maven-surefire-plugin/xsd/surefire-test-report-3.0.xsd" version="3.0" name="TestSuite" time="149.382" tests="90" errors="0" skipped="0" failures="0">
  <properties>
    <property name="java.specification.version" value="19"/>
    <property name="webdriver.chrome.driver" value="/Users/chanjy/eclipse-workspace/AASAutomation//drivers//chromedriver"/>
    <property name="sun.jnu.encoding" value="UTF-8"/>
    <property name="java.class.path" value="/Users/chanjy/eclipse-workspace/AASAutomation/target/test-classes:/Users/chanjy/eclipse-workspace/AASAutomation/target/classes:/Users/chanjy/.m2/repository/junit/junit/4.11/junit-4.11.jar:/Users/chanjy/.m2/repository/org/hamcrest/hamcrest-core/1.3/hamcrest-core-1.3.jar:/Users/chanjy/.m2/repository/org/testng/testng/7.7.1/testng-7.7.1.jar:/Users/chanjy/.m2/repository/org/slf4j/slf4j-api/1.7.36/slf4j-api-1.7.36.jar:/Users/chanjy/.m2/repository/com/beust/jcommander/1.82/jcommander-1.82.jar:/Users/chanjy/.m2/repository/org/webjars/jquery/3.6.1/jquery-3.6.1.jar:/Users/chanjy/.m2/repository/org/seleniumhq/selenium/selenium-java/4.8.1/selenium-java-4.8.1.jar:/Users/chanjy/.m2/repository/org/seleniumhq/selenium/selenium-api/4.8.1/selenium-api-4.8.1.jar:/Users/chanjy/.m2/repository/org/seleniumhq/selenium/selenium-chrome-driver/4.8.1/selenium-chrome-driver-4.8.1.jar:/Users/chanjy/.m2/repository/com/google/auto/service/auto-service-annotations/1.0.1/auto-service-annotations-1.0.1.jar:/Users/chanjy/.m2/repository/com/google/auto/service/auto-service/1.0.1/auto-service-1.0.1.jar:/Users/chanjy/.m2/repository/com/google/auto/auto-common/1.2/auto-common-1.2.jar:/Users/chanjy/.m2/repository/com/google/guava/guava/31.1-jre/guava-31.1-jre.jar:/Users/chanjy/.m2/repository/com/google/guava/failureaccess/1.0.1/failureaccess-1.0.1.jar:/Users/chanjy/.m2/repository/com/google/guava/listenablefuture/9999.0-empty-to-avoid-conflict-with-guava/listenablefuture-9999.0-empty-to-avoid-conflict-with-guava.jar:/Users/chanjy/.m2/repository/com/google/code/findbugs/jsr305/3.0.2/jsr305-3.0.2.jar:/Users/chanjy/.m2/repository/org/checkerframework/checker-qual/3.12.0/checker-qual-3.12.0.jar:/Users/chanjy/.m2/repository/com/google/errorprone/error_prone_annotations/2.11.0/error_prone_annotations-2.11.0.jar:/Users/chanjy/.m2/repository/com/google/j2objc/j2objc-annotations/1.3/j2objc-annotations-1.3.jar:/Users/chanjy/.m2/repository/org/seleniumhq/selenium/selenium-chromium-driver/4.8.1/selenium-chromium-driver-4.8.1.jar:/Users/chanjy/.m2/repository/org/seleniumhq/selenium/selenium-json/4.8.1/selenium-json-4.8.1.jar:/Users/chanjy/.m2/repository/org/seleniumhq/selenium/selenium-devtools-v108/4.8.1/selenium-devtools-v108-4.8.1.jar:/Users/chanjy/.m2/repository/org/seleniumhq/selenium/selenium-devtools-v109/4.8.1/selenium-devtools-v109-4.8.1.jar:/Users/chanjy/.m2/repository/org/seleniumhq/selenium/selenium-devtools-v110/4.8.1/selenium-devtools-v110-4.8.1.jar:/Users/chanjy/.m2/repository/org/seleniumhq/selenium/selenium-devtools-v85/4.8.1/selenium-devtools-v85-4.8.1.jar:/Users/chanjy/.m2/repository/org/seleniumhq/selenium/selenium-edge-driver/4.8.1/selenium-edge-driver-4.8.1.jar:/Users/chanjy/.m2/repository/org/seleniumhq/selenium/selenium-firefox-driver/4.8.1/selenium-firefox-driver-4.8.1.jar:/Users/chanjy/.m2/repository/org/seleniumhq/selenium/selenium-http/4.8.1/selenium-http-4.8.1.jar:/Users/chanjy/.m2/repository/dev/failsafe/failsafe/3.3.0/failsafe-3.3.0.jar:/Users/chanjy/.m2/repository/org/seleniumhq/selenium/selenium-ie-driver/4.8.1/selenium-ie-driver-4.8.1.jar:/Users/chanjy/.m2/repository/org/seleniumhq/selenium/selenium-remote-driver/4.8.1/selenium-remote-driver-4.8.1.jar:/Users/chanjy/.m2/repository/io/netty/netty-buffer/4.1.87.Final/netty-buffer-4.1.87.Final.jar:/Users/chanjy/.m2/repository/io/netty/netty-codec-http/4.1.87.Final/netty-codec-http-4.1.87.Final.jar:/Users/chanjy/.m2/repository/io/netty/netty-codec/4.1.87.Final/netty-codec-4.1.87.Final.jar:/Users/chanjy/.m2/repository/io/netty/netty-handler/4.1.87.Final/netty-handler-4.1.87.Final.jar:/Users/chanjy/.m2/repository/io/netty/netty-common/4.1.87.Final/netty-common-4.1.87.Final.jar:/Users/chanjy/.m2/repository/io/netty/netty-transport-classes-epoll/4.1.87.Final/netty-transport-classes-epoll-4.1.87.Final.jar:/Users/chanjy/.m2/repository/io/netty/netty-transport-classes-kqueue/4.1.87.Final/netty-transport-classes-kqueue-4.1.87.Final.jar:/Users/chanjy/.m2/repository/io/netty/netty-transport-native-epoll/4.1.87.Final/netty-transport-native-epoll-4.1.87.Final.jar:/Users/chanjy/.m2/repository/io/netty/netty-transport-native-kqueue/4.1.87.Final/netty-transport-native-kqueue-4.1.87.Final.jar:/Users/chanjy/.m2/repository/io/netty/netty-transport-native-unix-common/4.1.87.Final/netty-transport-native-unix-common-4.1.87.Final.jar:/Users/chanjy/.m2/repository/io/netty/netty-transport/4.1.87.Final/netty-transport-4.1.87.Final.jar:/Users/chanjy/.m2/repository/io/netty/netty-resolver/4.1.87.Final/netty-resolver-4.1.87.Final.jar:/Users/chanjy/.m2/repository/io/opentelemetry/opentelemetry-api/1.22.0/opentelemetry-api-1.22.0.jar:/Users/chanjy/.m2/repository/io/opentelemetry/opentelemetry-context/1.22.0/opentelemetry-context-1.22.0.jar:/Users/chanjy/.m2/repository/io/opentelemetry/opentelemetry-exporter-logging/1.22.0/opentelemetry-exporter-logging-1.22.0.jar:/Users/chanjy/.m2/repository/io/opentelemetry/opentelemetry-sdk-metrics/1.22.0/opentelemetry-sdk-metrics-1.22.0.jar:/Users/chanjy/.m2/repository/io/opentelemetry/opentelemetry-sdk-logs/1.22.0-alpha/opentelemetry-sdk-logs-1.22.0-alpha.jar:/Users/chanjy/.m2/repository/io/opentelemetry/opentelemetry-api-logs/1.22.0-alpha/opentelemetry-api-logs-1.22.0-alpha.jar:/Users/chanjy/.m2/repository/io/opentelemetry/opentelemetry-sdk-common/1.22.0/opentelemetry-sdk-common-1.22.0.jar:/Users/chanjy/.m2/repository/io/opentelemetry/opentelemetry-sdk-extension-autoconfigure-spi/1.22.0/opentelemetry-sdk-extension-autoconfigure-spi-1.22.0.jar:/Users/chanjy/.m2/repository/io/opentelemetry/opentelemetry-sdk-extension-autoconfigure/1.22.0-alpha/opentelemetry-sdk-extension-autoconfigure-1.22.0-alpha.jar:/Users/chanjy/.m2/repository/io/opentelemetry/opentelemetry-sdk-trace/1.22.0/opentelemetry-sdk-trace-1.22.0.jar:/Users/chanjy/.m2/repository/io/opentelemetry/opentelemetry-sdk/1.22.0/opentelemetry-sdk-1.22.0.jar:/Users/chanjy/.m2/repository/io/opentelemetry/opentelemetry-semconv/1.22.0-alpha/opentelemetry-semconv-1.22.0-alpha.jar:/Users/chanjy/.m2/repository/io/ous/jtoml/2.0.0/jtoml-2.0.0.jar:/Users/chanjy/.m2/repository/net/bytebuddy/byte-buddy/1.12.22/byte-buddy-1.12.22.jar:/Users/chanjy/.m2/repository/org/apache/commons/commons-exec/1.3/commons-exec-1.3.jar:/Users/chanjy/.m2/repository/org/asynchttpclient/async-http-client/2.12.3/async-http-client-2.12.3.jar:/Users/chanjy/.m2/repository/org/asynchttpclient/async-http-client-netty-utils/2.12.3/async-http-client-netty-utils-2.12.3.jar:/Users/chanjy/.m2/repository/io/netty/netty-codec-socks/4.1.60.Final/netty-codec-socks-4.1.60.Final.jar:/Users/chanjy/.m2/repository/io/netty/netty-handler-proxy/4.1.60.Final/netty-handler-proxy-4.1.60.Final.jar:/Users/chanjy/.m2/repository/io/netty/netty-transport-native-epoll/4.1.60.Final/netty-transport-native-epoll-4.1.60.Final-linux-x86_64.jar:/Users/chanjy/.m2/repository/io/netty/netty-transport-native-kqueue/4.1.60.Final/netty-transport-native-kqueue-4.1.60.Final-osx-x86_64.jar:/Users/chanjy/.m2/repository/com/typesafe/netty/netty-reactive-streams/2.0.4/netty-reactive-streams-2.0.4.jar:/Users/chanjy/.m2/repository/com/sun/activation/jakarta.activation/1.2.2/jakarta.activation-1.2.2.jar:/Users/chanjy/.m2/repository/org/seleniumhq/selenium/selenium-manager/4.8.1/selenium-manager-4.8.1.jar:/Users/chanjy/.m2/repository/org/seleniumhq/selenium/selenium-safari-driver/4.8.1/selenium-safari-driver-4.8.1.jar:/Users/chanjy/.m2/repository/org/seleniumhq/selenium/selenium-support/4.8.1/selenium-support-4.8.1.jar:/Users/chanjy/.m2/repository/org/apache/poi/poi-ooxml/5.0.0/poi-ooxml-5.0.0.jar:/Users/chanjy/.m2/repository/org/apache/poi/poi/5.0.0/poi-5.0.0.jar:/Users/chanjy/.m2/repository/org/slf4j/jcl-over-slf4j/1.7.30/jcl-over-slf4j-1.7.30.jar:/Users/chanjy/.m2/repository/commons-codec/commons-codec/1.15/commons-codec-1.15.jar:/Users/chanjy/.m2/repository/org/apache/commons/commons-collections4/4.4/commons-collections4-4.4.jar:/Users/chanjy/.m2/repository/org/apache/commons/commons-math3/3.6.1/commons-math3-3.6.1.jar:/Users/chanjy/.m2/repository/com/zaxxer/SparseBitSet/1.2/SparseBitSet-1.2.jar:/Users/chanjy/.m2/repository/org/apache/poi/poi-ooxml-lite/5.0.0/poi-ooxml-lite-5.0.0.jar:/Users/chanjy/.m2/repository/org/apache/xmlbeans/xmlbeans/4.0.0/xmlbeans-4.0.0.jar:/Users/chanjy/.m2/repository/org/apache/commons/commons-compress/1.20/commons-compress-1.20.jar:/Users/chanjy/.m2/repository/com/github/virtuald/curvesapi/1.06/curvesapi-1.06.jar:/Users/chanjy/.m2/repository/org/bouncycastle/bcpkix-jdk15on/1.68/bcpkix-jdk15on-1.68.jar:/Users/chanjy/.m2/repository/org/bouncycastle/bcprov-jdk15on/1.68/bcprov-jdk15on-1.68.jar:/Users/chanjy/.m2/repository/org/apache/santuario/xmlsec/2.2.1/xmlsec-2.2.1.jar:/Users/chanjy/.m2/repository/com/fasterxml/woodstox/woodstox-core/5.2.1/woodstox-core-5.2.1.jar:/Users/chanjy/.m2/repository/org/codehaus/woodstox/stax2-api/4.2/stax2-api-4.2.jar:/Users/chanjy/.m2/repository/jakarta/xml/bind/jakarta.xml.bind-api/2.3.2/jakarta.xml.bind-api-2.3.2.jar:/Users/chanjy/.m2/repository/jakarta/activation/jakarta.activation-api/1.2.1/jakarta.activation-api-1.2.1.jar:/Users/chanjy/.m2/repository/org/apache/xmlgraphics/batik-all/1.13/batik-all-1.13.jar:/Users/chanjy/.m2/repository/org/apache/xmlgraphics/batik-anim/1.13/batik-anim-1.13.jar:/Users/chanjy/.m2/repository/org/apache/xmlgraphics/batik-shared-resources/1.13/batik-shared-resources-1.13.jar:/Users/chanjy/.m2/repository/xml-apis/xml-apis-ext/1.3.04/xml-apis-ext-1.3.04.jar:/Users/chanjy/.m2/repository/org/apache/xmlgraphics/batik-awt-util/1.13/batik-awt-util-1.13.jar:/Users/chanjy/.m2/repository/org/apache/xmlgraphics/xmlgraphics-commons/2.4/xmlgraphics-commons-2.4.jar:/Users/chanjy/.m2/repository/org/apache/xmlgraphics/batik-bridge/1.13/batik-bridge-1.13.jar:/Users/chanjy/.m2/repository/org/apache/xmlgraphics/batik-codec/1.13/batik-codec-1.13.jar:/Users/chanjy/.m2/repository/org/apache/xmlgraphics/batik-constants/1.13/batik-constants-1.13.jar:/Users/chanjy/.m2/repository/org/apache/xmlgraphics/batik-css/1.13/batik-css-1.13.jar:/Users/chanjy/.m2/repository/org/apache/xmlgraphics/batik-dom/1.13/batik-dom-1.13.jar:/Users/chanjy/.m2/repository/xalan/xalan/2.7.2/xalan-2.7.2.jar:/Users/chanjy/.m2/repository/xalan/serializer/2.7.2/serializer-2.7.2.jar:/Users/chanjy/.m2/repository/xml-apis/xml-apis/1.4.01/xml-apis-1.4.01.jar:/Users/chanjy/.m2/repository/org/apache/xmlgraphics/batik-ext/1.13/batik-ext-1.13.jar:/Users/chanjy/.m2/repository/org/apache/xmlgraphics/batik-extension/1.13/batik-extension-1.13.jar:/Users/chanjy/.m2/repository/org/apache/xmlgraphics/batik-gui-util/1.13/batik-gui-util-1.13.jar:/Users/chanjy/.m2/repository/org/apache/xmlgraphics/batik-gvt/1.13/batik-gvt-1.13.jar:/Users/chanjy/.m2/repository/org/apache/xmlgraphics/batik-i18n/1.13/batik-i18n-1.13.jar:/Users/chanjy/.m2/repository/org/apache/xmlgraphics/batik-parser/1.13/batik-parser-1.13.jar:/Users/chanjy/.m2/repository/org/apache/xmlgraphics/batik-rasterizer-ext/1.13/batik-rasterizer-ext-1.13.jar:/Users/chanjy/.m2/repository/org/apache/xmlgraphics/batik-rasterizer/1.13/batik-rasterizer-1.13.jar:/Users/chanjy/.m2/repository/org/apache/xmlgraphics/batik-script/1.13/batik-script-1.13.jar:/Users/chanjy/.m2/repository/org/apache/xmlgraphics/batik-slideshow/1.13/batik-slideshow-1.13.jar:/Users/chanjy/.m2/repository/org/apache/xmlgraphics/batik-squiggle-ext/1.13/batik-squiggle-ext-1.13.jar:/Users/chanjy/.m2/repository/org/apache/xmlgraphics/batik-squiggle/1.13/batik-squiggle-1.13.jar:/Users/chanjy/.m2/repository/org/apache/xmlgraphics/batik-svg-dom/1.13/batik-svg-dom-1.13.jar:/Users/chanjy/.m2/repository/org/apache/xmlgraphics/batik-svgbrowser/1.13/batik-svgbrowser-1.13.jar:/Users/chanjy/.m2/repository/org/apache/xmlgraphics/batik-svggen/1.13/batik-svggen-1.13.jar:/Users/chanjy/.m2/repository/org/apache/xmlgraphics/batik-svgpp/1.13/batik-svgpp-1.13.jar:/Users/chanjy/.m2/repository/org/apache/xmlgraphics/batik-svgrasterizer/1.13/batik-svgrasterizer-1.13.jar:/Users/chanjy/.m2/repository/org/apache/xmlgraphics/batik-swing/1.13/batik-swing-1.13.jar:/Users/chanjy/.m2/repository/org/apache/xmlgraphics/batik-transcoder/1.13/batik-transcoder-1.13.jar:/Users/chanjy/.m2/repository/org/apache/xmlgraphics/batik-util/1.13/batik-util-1.13.jar:/Users/chanjy/.m2/repository/org/apache/xmlgraphics/batik-ttf2svg/1.13/batik-ttf2svg-1.13.jar:/Users/chanjy/.m2/repository/org/apache/xmlgraphics/batik-xml/1.13/batik-xml-1.13.jar:/Users/chanjy/.m2/repository/de/rototor/pdfbox/graphics2d/0.30/graphics2d-0.30.jar:/Users/chanjy/.m2/repository/org/apache/pdfbox/pdfbox/2.0.22/pdfbox-2.0.22.jar:/Users/chanjy/.m2/repository/org/apache/pdfbox/fontbox/2.0.22/fontbox-2.0.22.jar:/Users/chanjy/.m2/repository/com/aventstack/extentreports/5.0.9/extentreports-5.0.9.jar:/Users/chanjy/.m2/repository/io/reactivex/rxjava3/rxjava/3.0.4/rxjava-3.0.4.jar:/Users/chanjy/.m2/repository/org/reactivestreams/reactive-streams/1.0.3/reactive-streams-1.0.3.jar:/Users/chanjy/.m2/repository/org/freemarker/freemarker/2.3.30/freemarker-2.3.30.jar:/Users/chanjy/.m2/repository/org/projectlombok/lombok/1.18.12/lombok-1.18.12.jar:/Users/chanjy/.m2/repository/com/google/code/gson/gson/2.8.6/gson-2.8.6.jar:/Users/chanjy/.m2/repository/commons-io/commons-io/2.11.0/commons-io-2.11.0.jar:/Users/chanjy/.m2/repository/log4j/log4j/1.2.17/log4j-1.2.17.jar:/Users/chanjy/.m2/repository/com/fasterxml/jackson/core/jackson-databind/2.14.2/jackson-databind-2.14.2.jar:/Users/chanjy/.m2/repository/com/fasterxml/jackson/core/jackson-annotations/2.14.2/jackson-annotations-2.14.2.jar:/Users/chanjy/.m2/repository/com/fasterxml/jackson/core/jackson-core/2.14.2/jackson-core-2.14.2.jar:"/>
    <property name="java.vm.vendor" value="Oracle Corporation"/>
    <property name="sun.arch.data.model" value="64"/>
    <property name="password" value="aaaa8888"/>
    <property name="java.vendor.url" value="https://java.oracle.com/"/>
    <property name="user.timezone" value="Asia/Kuala_Lumpur"/>
    <property name="os.name" value="Mac OS X"/>
    <property name="java.vm.specification.version" value="19"/>
    <property name="sun.java.launcher" value="SUN_STANDARD"/>
    <property name="user.country" value="MY"/>
    <property name="sun.boot.library.path" value="/Library/Java/JavaVirtualMachines/jdk-19.jdk/Contents/Home/lib"/>
    <property name="sun.java.command" value="/Users/chanjy/eclipse-workspace/AASAutomation/target/surefire/surefirebooter-20230402194158970_3.jar /Users/chanjy/eclipse-workspace/AASAutomation/target/surefire 2023-04-02T19-41-58_917-jvmRun1 surefire-20230402194158970_1tmp surefire_0-20230402194158970_2tmp"/>
    <property name="http.nonProxyHosts" value="local|*.local|169.254/16|*.169.254/16"/>
    <property name="jdk.debug" value="release"/>
    <property name="surefire.test.class.path" value="/Users/chanjy/eclipse-workspace/AASAutomation/target/test-classes:/Users/chanjy/eclipse-workspace/AASAutomation/target/classes:/Users/chanjy/.m2/repository/junit/junit/4.11/junit-4.11.jar:/Users/chanjy/.m2/repository/org/hamcrest/hamcrest-core/1.3/hamcrest-core-1.3.jar:/Users/chanjy/.m2/repository/org/testng/testng/7.7.1/testng-7.7.1.jar:/Users/chanjy/.m2/repository/org/slf4j/slf4j-api/1.7.36/slf4j-api-1.7.36.jar:/Users/chanjy/.m2/repository/com/beust/jcommander/1.82/jcommander-1.82.jar:/Users/chanjy/.m2/repository/org/webjars/jquery/3.6.1/jquery-3.6.1.jar:/Users/chanjy/.m2/repository/org/seleniumhq/selenium/selenium-java/4.8.1/selenium-java-4.8.1.jar:/Users/chanjy/.m2/repository/org/seleniumhq/selenium/selenium-api/4.8.1/selenium-api-4.8.1.jar:/Users/chanjy/.m2/repository/org/seleniumhq/selenium/selenium-chrome-driver/4.8.1/selenium-chrome-driver-4.8.1.jar:/Users/chanjy/.m2/repository/com/google/auto/service/auto-service-annotations/1.0.1/auto-service-annotations-1.0.1.jar:/Users/chanjy/.m2/repository/com/google/auto/service/auto-service/1.0.1/auto-service-1.0.1.jar:/Users/chanjy/.m2/repository/com/google/auto/auto-common/1.2/auto-common-1.2.jar:/Users/chanjy/.m2/repository/com/google/guava/guava/31.1-jre/guava-31.1-jre.jar:/Users/chanjy/.m2/repository/com/google/guava/failureaccess/1.0.1/failureaccess-1.0.1.jar:/Users/chanjy/.m2/repository/com/google/guava/listenablefuture/9999.0-empty-to-avoid-conflict-with-guava/listenablefuture-9999.0-empty-to-avoid-conflict-with-guava.jar:/Users/chanjy/.m2/repository/com/google/code/findbugs/jsr305/3.0.2/jsr305-3.0.2.jar:/Users/chanjy/.m2/repository/org/checkerframework/checker-qual/3.12.0/checker-qual-3.12.0.jar:/Users/chanjy/.m2/repository/com/google/errorprone/error_prone_annotations/2.11.0/error_prone_annotations-2.11.0.jar:/Users/chanjy/.m2/repository/com/google/j2objc/j2objc-annotations/1.3/j2objc-annotations-1.3.jar:/Users/chanjy/.m2/repository/org/seleniumhq/selenium/selenium-chromium-driver/4.8.1/selenium-chromium-driver-4.8.1.jar:/Users/chanjy/.m2/repository/org/seleniumhq/selenium/selenium-json/4.8.1/selenium-json-4.8.1.jar:/Users/chanjy/.m2/repository/org/seleniumhq/selenium/selenium-devtools-v108/4.8.1/selenium-devtools-v108-4.8.1.jar:/Users/chanjy/.m2/repository/org/seleniumhq/selenium/selenium-devtools-v109/4.8.1/selenium-devtools-v109-4.8.1.jar:/Users/chanjy/.m2/repository/org/seleniumhq/selenium/selenium-devtools-v110/4.8.1/selenium-devtools-v110-4.8.1.jar:/Users/chanjy/.m2/repository/org/seleniumhq/selenium/selenium-devtools-v85/4.8.1/selenium-devtools-v85-4.8.1.jar:/Users/chanjy/.m2/repository/org/seleniumhq/selenium/selenium-edge-driver/4.8.1/selenium-edge-driver-4.8.1.jar:/Users/chanjy/.m2/repository/org/seleniumhq/selenium/selenium-firefox-driver/4.8.1/selenium-firefox-driver-4.8.1.jar:/Users/chanjy/.m2/repository/org/seleniumhq/selenium/selenium-http/4.8.1/selenium-http-4.8.1.jar:/Users/chanjy/.m2/repository/dev/failsafe/failsafe/3.3.0/failsafe-3.3.0.jar:/Users/chanjy/.m2/repository/org/seleniumhq/selenium/selenium-ie-driver/4.8.1/selenium-ie-driver-4.8.1.jar:/Users/chanjy/.m2/repository/org/seleniumhq/selenium/selenium-remote-driver/4.8.1/selenium-remote-driver-4.8.1.jar:/Users/chanjy/.m2/repository/io/netty/netty-buffer/4.1.87.Final/netty-buffer-4.1.87.Final.jar:/Users/chanjy/.m2/repository/io/netty/netty-codec-http/4.1.87.Final/netty-codec-http-4.1.87.Final.jar:/Users/chanjy/.m2/repository/io/netty/netty-codec/4.1.87.Final/netty-codec-4.1.87.Final.jar:/Users/chanjy/.m2/repository/io/netty/netty-handler/4.1.87.Final/netty-handler-4.1.87.Final.jar:/Users/chanjy/.m2/repository/io/netty/netty-common/4.1.87.Final/netty-common-4.1.87.Final.jar:/Users/chanjy/.m2/repository/io/netty/netty-transport-classes-epoll/4.1.87.Final/netty-transport-classes-epoll-4.1.87.Final.jar:/Users/chanjy/.m2/repository/io/netty/netty-transport-classes-kqueue/4.1.87.Final/netty-transport-classes-kqueue-4.1.87.Final.jar:/Users/chanjy/.m2/repository/io/netty/netty-transport-native-epoll/4.1.87.Final/netty-transport-native-epoll-4.1.87.Final.jar:/Users/chanjy/.m2/repository/io/netty/netty-transport-native-kqueue/4.1.87.Final/netty-transport-native-kqueue-4.1.87.Final.jar:/Users/chanjy/.m2/repository/io/netty/netty-transport-native-unix-common/4.1.87.Final/netty-transport-native-unix-common-4.1.87.Final.jar:/Users/chanjy/.m2/repository/io/netty/netty-transport/4.1.87.Final/netty-transport-4.1.87.Final.jar:/Users/chanjy/.m2/repository/io/netty/netty-resolver/4.1.87.Final/netty-resolver-4.1.87.Final.jar:/Users/chanjy/.m2/repository/io/opentelemetry/opentelemetry-api/1.22.0/opentelemetry-api-1.22.0.jar:/Users/chanjy/.m2/repository/io/opentelemetry/opentelemetry-context/1.22.0/opentelemetry-context-1.22.0.jar:/Users/chanjy/.m2/repository/io/opentelemetry/opentelemetry-exporter-logging/1.22.0/opentelemetry-exporter-logging-1.22.0.jar:/Users/chanjy/.m2/repository/io/opentelemetry/opentelemetry-sdk-metrics/1.22.0/opentelemetry-sdk-metrics-1.22.0.jar:/Users/chanjy/.m2/repository/io/opentelemetry/opentelemetry-sdk-logs/1.22.0-alpha/opentelemetry-sdk-logs-1.22.0-alpha.jar:/Users/chanjy/.m2/repository/io/opentelemetry/opentelemetry-api-logs/1.22.0-alpha/opentelemetry-api-logs-1.22.0-alpha.jar:/Users/chanjy/.m2/repository/io/opentelemetry/opentelemetry-sdk-common/1.22.0/opentelemetry-sdk-common-1.22.0.jar:/Users/chanjy/.m2/repository/io/opentelemetry/opentelemetry-sdk-extension-autoconfigure-spi/1.22.0/opentelemetry-sdk-extension-autoconfigure-spi-1.22.0.jar:/Users/chanjy/.m2/repository/io/opentelemetry/opentelemetry-sdk-extension-autoconfigure/1.22.0-alpha/opentelemetry-sdk-extension-autoconfigure-1.22.0-alpha.jar:/Users/chanjy/.m2/repository/io/opentelemetry/opentelemetry-sdk-trace/1.22.0/opentelemetry-sdk-trace-1.22.0.jar:/Users/chanjy/.m2/repository/io/opentelemetry/opentelemetry-sdk/1.22.0/opentelemetry-sdk-1.22.0.jar:/Users/chanjy/.m2/repository/io/opentelemetry/opentelemetry-semconv/1.22.0-alpha/opentelemetry-semconv-1.22.0-alpha.jar:/Users/chanjy/.m2/repository/io/ous/jtoml/2.0.0/jtoml-2.0.0.jar:/Users/chanjy/.m2/repository/net/bytebuddy/byte-buddy/1.12.22/byte-buddy-1.12.22.jar:/Users/chanjy/.m2/repository/org/apache/commons/commons-exec/1.3/commons-exec-1.3.jar:/Users/chanjy/.m2/repository/org/asynchttpclient/async-http-client/2.12.3/async-http-client-2.12.3.jar:/Users/chanjy/.m2/repository/org/asynchttpclient/async-http-client-netty-utils/2.12.3/async-http-client-netty-utils-2.12.3.jar:/Users/chanjy/.m2/repository/io/netty/netty-codec-socks/4.1.60.Final/netty-codec-socks-4.1.60.Final.jar:/Users/chanjy/.m2/repository/io/netty/netty-handler-proxy/4.1.60.Final/netty-handler-proxy-4.1.60.Final.jar:/Users/chanjy/.m2/repository/io/netty/netty-transport-native-epoll/4.1.60.Final/netty-transport-native-epoll-4.1.60.Final-linux-x86_64.jar:/Users/chanjy/.m2/repository/io/netty/netty-transport-native-kqueue/4.1.60.Final/netty-transport-native-kqueue-4.1.60.Final-osx-x86_64.jar:/Users/chanjy/.m2/repository/com/typesafe/netty/netty-reactive-streams/2.0.4/netty-reactive-streams-2.0.4.jar:/Users/chanjy/.m2/repository/com/sun/activation/jakarta.activation/1.2.2/jakarta.activation-1.2.2.jar:/Users/chanjy/.m2/repository/org/seleniumhq/selenium/selenium-manager/4.8.1/selenium-manager-4.8.1.jar:/Users/chanjy/.m2/repository/org/seleniumhq/selenium/selenium-safari-driver/4.8.1/selenium-safari-driver-4.8.1.jar:/Users/chanjy/.m2/repository/org/seleniumhq/selenium/selenium-support/4.8.1/selenium-support-4.8.1.jar:/Users/chanjy/.m2/repository/org/apache/poi/poi-ooxml/5.0.0/poi-ooxml-5.0.0.jar:/Users/chanjy/.m2/repository/org/apache/poi/poi/5.0.0/poi-5.0.0.jar:/Users/chanjy/.m2/repository/org/slf4j/jcl-over-slf4j/1.7.30/jcl-over-slf4j-1.7.30.jar:/Users/chanjy/.m2/repository/commons-codec/commons-codec/1.15/commons-codec-1.15.jar:/Users/chanjy/.m2/repository/org/apache/commons/commons-collections4/4.4/commons-collections4-4.4.jar:/Users/chanjy/.m2/repository/org/apache/commons/commons-math3/3.6.1/commons-math3-3.6.1.jar:/Users/chanjy/.m2/repository/com/zaxxer/SparseBitSet/1.2/SparseBitSet-1.2.jar:/Users/chanjy/.m2/repository/org/apache/poi/poi-ooxml-lite/5.0.0/poi-ooxml-lite-5.0.0.jar:/Users/chanjy/.m2/repository/org/apache/xmlbeans/xmlbeans/4.0.0/xmlbeans-4.0.0.jar:/Users/chanjy/.m2/repository/org/apache/commons/commons-compress/1.20/commons-compress-1.20.jar:/Users/chanjy/.m2/repository/com/github/virtuald/curvesapi/1.06/curvesapi-1.06.jar:/Users/chanjy/.m2/repository/org/bouncycastle/bcpkix-jdk15on/1.68/bcpkix-jdk15on-1.68.jar:/Users/chanjy/.m2/repository/org/bouncycastle/bcprov-jdk15on/1.68/bcprov-jdk15on-1.68.jar:/Users/chanjy/.m2/repository/org/apache/santuario/xmlsec/2.2.1/xmlsec-2.2.1.jar:/Users/chanjy/.m2/repository/com/fasterxml/woodstox/woodstox-core/5.2.1/woodstox-core-5.2.1.jar:/Users/chanjy/.m2/repository/org/codehaus/woodstox/stax2-api/4.2/stax2-api-4.2.jar:/Users/chanjy/.m2/repository/jakarta/xml/bind/jakarta.xml.bind-api/2.3.2/jakarta.xml.bind-api-2.3.2.jar:/Users/chanjy/.m2/repository/jakarta/activation/jakarta.activation-api/1.2.1/jakarta.activation-api-1.2.1.jar:/Users/chanjy/.m2/repository/org/apache/xmlgraphics/batik-all/1.13/batik-all-1.13.jar:/Users/chanjy/.m2/repository/org/apache/xmlgraphics/batik-anim/1.13/batik-anim-1.13.jar:/Users/chanjy/.m2/repository/org/apache/xmlgraphics/batik-shared-resources/1.13/batik-shared-resources-1.13.jar:/Users/chanjy/.m2/repository/xml-apis/xml-apis-ext/1.3.04/xml-apis-ext-1.3.04.jar:/Users/chanjy/.m2/repository/org/apache/xmlgraphics/batik-awt-util/1.13/batik-awt-util-1.13.jar:/Users/chanjy/.m2/repository/org/apache/xmlgraphics/xmlgraphics-commons/2.4/xmlgraphics-commons-2.4.jar:/Users/chanjy/.m2/repository/org/apache/xmlgraphics/batik-bridge/1.13/batik-bridge-1.13.jar:/Users/chanjy/.m2/repository/org/apache/xmlgraphics/batik-codec/1.13/batik-codec-1.13.jar:/Users/chanjy/.m2/repository/org/apache/xmlgraphics/batik-constants/1.13/batik-constants-1.13.jar:/Users/chanjy/.m2/repository/org/apache/xmlgraphics/batik-css/1.13/batik-css-1.13.jar:/Users/chanjy/.m2/repository/org/apache/xmlgraphics/batik-dom/1.13/batik-dom-1.13.jar:/Users/chanjy/.m2/repository/xalan/xalan/2.7.2/xalan-2.7.2.jar:/Users/chanjy/.m2/repository/xalan/serializer/2.7.2/serializer-2.7.2.jar:/Users/chanjy/.m2/repository/xml-apis/xml-apis/1.4.01/xml-apis-1.4.01.jar:/Users/chanjy/.m2/repository/org/apache/xmlgraphics/batik-ext/1.13/batik-ext-1.13.jar:/Users/chanjy/.m2/repository/org/apache/xmlgraphics/batik-extension/1.13/batik-extension-1.13.jar:/Users/chanjy/.m2/repository/org/apache/xmlgraphics/batik-gui-util/1.13/batik-gui-util-1.13.jar:/Users/chanjy/.m2/repository/org/apache/xmlgraphics/batik-gvt/1.13/batik-gvt-1.13.jar:/Users/chanjy/.m2/repository/org/apache/xmlgraphics/batik-i18n/1.13/batik-i18n-1.13.jar:/Users/chanjy/.m2/repository/org/apache/xmlgraphics/batik-parser/1.13/batik-parser-1.13.jar:/Users/chanjy/.m2/repository/org/apache/xmlgraphics/batik-rasterizer-ext/1.13/batik-rasterizer-ext-1.13.jar:/Users/chanjy/.m2/repository/org/apache/xmlgraphics/batik-rasterizer/1.13/batik-rasterizer-1.13.jar:/Users/chanjy/.m2/repository/org/apache/xmlgraphics/batik-script/1.13/batik-script-1.13.jar:/Users/chanjy/.m2/repository/org/apache/xmlgraphics/batik-slideshow/1.13/batik-slideshow-1.13.jar:/Users/chanjy/.m2/repository/org/apache/xmlgraphics/batik-squiggle-ext/1.13/batik-squiggle-ext-1.13.jar:/Users/chanjy/.m2/repository/org/apache/xmlgraphics/batik-squiggle/1.13/batik-squiggle-1.13.jar:/Users/chanjy/.m2/repository/org/apache/xmlgraphics/batik-svg-dom/1.13/batik-svg-dom-1.13.jar:/Users/chanjy/.m2/repository/org/apache/xmlgraphics/batik-svgbrowser/1.13/batik-svgbrowser-1.13.jar:/Users/chanjy/.m2/repository/org/apache/xmlgraphics/batik-svggen/1.13/batik-svggen-1.13.jar:/Users/chanjy/.m2/repository/org/apache/xmlgraphics/batik-svgpp/1.13/batik-svgpp-1.13.jar:/Users/chanjy/.m2/repository/org/apache/xmlgraphics/batik-svgrasterizer/1.13/batik-svgrasterizer-1.13.jar:/Users/chanjy/.m2/repository/org/apache/xmlgraphics/batik-swing/1.13/batik-swing-1.13.jar:/Users/chanjy/.m2/repository/org/apache/xmlgraphics/batik-transcoder/1.13/batik-transcoder-1.13.jar:/Users/chanjy/.m2/repository/org/apache/xmlgraphics/batik-util/1.13/batik-util-1.13.jar:/Users/chanjy/.m2/repository/org/apache/xmlgraphics/batik-ttf2svg/1.13/batik-ttf2svg-1.13.jar:/Users/chanjy/.m2/repository/org/apache/xmlgraphics/batik-xml/1.13/batik-xml-1.13.jar:/Users/chanjy/.m2/repository/de/rototor/pdfbox/graphics2d/0.30/graphics2d-0.30.jar:/Users/chanjy/.m2/repository/org/apache/pdfbox/pdfbox/2.0.22/pdfbox-2.0.22.jar:/Users/chanjy/.m2/repository/org/apache/pdfbox/fontbox/2.0.22/fontbox-2.0.22.jar:/Users/chanjy/.m2/repository/com/aventstack/extentreports/5.0.9/extentreports-5.0.9.jar:/Users/chanjy/.m2/repository/io/reactivex/rxjava3/rxjava/3.0.4/rxjava-3.0.4.jar:/Users/chanjy/.m2/repository/org/reactivestreams/reactive-streams/1.0.3/reactive-streams-1.0.3.jar:/Users/chanjy/.m2/repository/org/freemarker/freemarker/2.3.30/freemarker-2.3.30.jar:/Users/chanjy/.m2/repository/org/projectlombok/lombok/1.18.12/lombok-1.18.12.jar:/Users/chanjy/.m2/repository/com/google/code/gson/gson/2.8.6/gson-2.8.6.jar:/Users/chanjy/.m2/repository/commons-io/commons-io/2.11.0/commons-io-2.11.0.jar:/Users/chanjy/.m2/repository/log4j/log4j/1.2.17/log4j-1.2.17.jar:/Users/chanjy/.m2/repository/com/fasterxml/jackson/core/jackson-databind/2.14.2/jackson-databind-2.14.2.jar:/Users/chanjy/.m2/repository/com/fasterxml/jackson/core/jackson-annotations/2.14.2/jackson-annotations-2.14.2.jar:/Users/chanjy/.m2/repository/com/fasterxml/jackson/core/jackson-core/2.14.2/jackson-core-2.14.2.jar:"/>
    <property name="sun.cpu.endian" value="little"/>
    <property name="user.home" value="/Users/chanjy"/>
    <property name="user.language" value="en"/>
    <property name="java.specification.vendor" value="Oracle Corporation"/>
    <property name="java.version.date" value="2023-01-17"/>
    <property name="java.home" value="/Library/Java/JavaVirtualMachines/jdk-19.jdk/Contents/Home"/>
    <property name="file.separator" value="/"/>
    <property name="basedir" value="/Users/chanjy/eclipse-workspace/AASAutomation"/>
    <property name="java.vm.compressedOopsMode" value="Zero based"/>
    <property name="line.separator" value="&#10;"/>
    <property name="java.vm.specification.vendor" value="Oracle Corporation"/>
    <property name="java.specification.name" value="Java Platform API Specification"/>
    <property name="apple.awt.application.name" value="ForkedBooter"/>
    <property name="surefire.real.class.path" value="/Users/chanjy/eclipse-workspace/AASAutomation/target/surefire/surefirebooter-20230402194158970_3.jar"/>
    <property name="sun.management.compiler" value="HotSpot 64-Bit Tiered Compilers"/>
    <property name="ftp.nonProxyHosts" value="local|*.local|169.254/16|*.169.254/16"/>
    <property name="java.runtime.version" value="19.0.2+7-44"/>
    <property name="user.name" value="chanjy"/>
    <property name="stdout.encoding" value="UTF-8"/>
    <property name="path.separator" value=":"/>
    <property name="os.version" value="13.2.1"/>
    <property name="java.runtime.name" value="Java(TM) SE Runtime Environment"/>
    <property name="file.encoding" value="UTF-8"/>
    <property name="java.vm.name" value="Java HotSpot(TM) 64-Bit Server VM"/>
    <property name="localRepository" value="/Users/chanjy/.m2/repository"/>
    <property name="java.vendor.url.bug" value="https://bugreport.java.com/bugreport/"/>
    <property name="java.io.tmpdir" value="/var/folders/zs/4hh4_s7n57s2lnj23lt3b5x80000gn/T/"/>
    <property name="java.version" value="19.0.2"/>
    <property name="user.dir" value="/Users/chanjy/eclipse-workspace/AASAutomation"/>
    <property name="os.arch" value="aarch64"/>
    <property name="java.vm.specification.name" value="Java Virtual Machine Specification"/>
    <property name="native.encoding" value="UTF-8"/>
    <property name="java.library.path" value="/Users/chanjy/Library/Java/Extensions:/Library/Java/Extensions:/Network/Library/Java/Extensions:/System/Library/Java/Extensions:/usr/lib/java:."/>
    <property name="java.vm.info" value="mixed mode, sharing"/>
    <property name="stderr.encoding" value="UTF-8"/>
    <property name="java.vendor" value="Oracle Corporation"/>
    <property name="java.vm.version" value="19.0.2+7-44"/>
    <property name="sun.io.unicode.encoding" value="UnicodeBig"/>
    <property name="socksNonProxyHosts" value="local|*.local|169.254/16|*.169.254/16"/>
    <property name="java.class.version" value="63.0"/>
    <property name="username" value="zino"/>
  </properties>
  <testcase name="SeamlessSectionSetUp[org.testng.TestRunner@644ded04](1)" classname="AASAutomation.test.ExtraPTTest" time="2.012">
    <system-out><![CDATA[Result : /Users/chanjy/eclipse-workspace/AASAutomation
]]></system-out>
    <system-err><![CDATA[SLF4J: Failed to load class "org.slf4j.impl.StaticLoggerBinder".
SLF4J: Defaulting to no-operation (NOP) logger implementation
SLF4J: See http://www.slf4j.org/codes.html#StaticLoggerBinder for further details.
log4j:WARN No appenders could be found for logger (io.netty.util.internal.logging.InternalLoggerFactory).
log4j:WARN Please initialize the log4j system properly.
log4j:WARN See http://logging.apache.org/log4j/1.2/faq.html#noconfig for more info.
Starting ChromeDriver 111.0.5563.64 (c710e93d5b63b7095afe8c2c17df34408078439d-refs/branch-heads/5563@{#995}) on port 38343
Only local connections are allowed.
Please see https://chromedriver.chromium.org/security-considerations for suggestions on keeping ChromeDriver safe.
ChromeDriver was started successfully.
Apr 02, 2023 7:42:00 PM org.openqa.selenium.devtools.CdpVersionFinder findNearestMatch
WARNING: Unable to find an exact match for CDP version 111, so returning the closest version found: 110
]]></system-err>
  </testcase>
  <testcase name="SeamlessExtraPTSingleUpdate[Evolution, 1, 1.20, org.testng.TestRunner@644ded04](1)" classname="AASAutomation.test.ExtraPTTest" time="2.037">
    <system-out><![CDATA[Btn State: true
Custom 0  OK
Custom 0  OK
Btn State: true
Custom 1  OK
Custom 1  OK
Btn State: true
Custom 2  OK
]]></system-out>
  </testcase>
  <testcase name="SeamlessExtraPTSingleUpdate[Big Gaming, 1, 1.20, org.testng.TestRunner@644ded04](2)" classname="AASAutomation.test.ExtraPTTest" time="1.871">
    <system-out><![CDATA[Btn State: true
Custom 0  OK
Custom 0  OK
Btn State: true
Custom 1  OK
Custom 1  OK
Btn State: true
Custom 2  OK
]]></system-out>
  </testcase>
  <testcase name="SeamlessExtraPTSingleUpdate[Micro Gaming, 1, 1.10, org.testng.TestRunner@644ded04](3)" classname="AASAutomation.test.ExtraPTTest" time="1.771">
    <system-out><![CDATA[Btn State: true
Custom 0  OK
Custom 0  OK
Btn State: true
Custom 1  OK
]]></system-out>
  </testcase>
  <testcase name="SeamlessExtraPTSingleUpdate[Asia Gaming, 1, 1.00, org.testng.TestRunner@644ded04](4)" classname="AASAutomation.test.ExtraPTTest" time="1.858">
    <system-out><![CDATA[Btn State: true
Custom 0  OK
Custom 0  OK
Btn State: true
Custom 1  OK
]]></system-out>
  </testcase>
  <testcase name="SeamlessExtraPTSingleUpdate[Dream Gaming, 1, 1.00, org.testng.TestRunner@644ded04](5)" classname="AASAutomation.test.ExtraPTTest" time="1.799">
    <system-out><![CDATA[Btn State: true
Custom 0  OK
Custom 0  OK
Btn State: true
Custom 1  OK
]]></system-out>
  </testcase>
  <testcase name="SeamlessExtraPTSingleUpdate[Sexy Gaming, 1, 1.00, org.testng.TestRunner@644ded04](6)" classname="AASAutomation.test.ExtraPTTest" time="1.948">
    <system-out><![CDATA[Btn State: false
Custom 0  NO
Btn State: true
Custom 1  OK
Custom 1  OK
Btn State: true
Custom 2  OK
Custom 2  OK
Btn State: true
Custom 3  OK
]]></system-out>
  </testcase>
  <testcase name="SeamlessExtraPTSingleUpdate[PragmaticPlay, 1, 1.00, org.testng.TestRunner@644ded04](7)" classname="AASAutomation.test.ExtraPTTest" time="2.032">
    <system-out><![CDATA[Btn State: true
Custom 0  OK
Custom 0  OK
Btn State: true
Custom 1  OK
Custom 1  OK
Btn State: true
Custom 2  OK
]]></system-out>
  </testcase>
  <testcase name="SeamlessExtraPTSingleUpdate[Playtech, 1, 1.00, org.testng.TestRunner@644ded04](8)" classname="AASAutomation.test.ExtraPTTest" time="1.807">
    <system-out><![CDATA[Btn State: true
Custom 0  OK
Custom 0  OK
Btn State: true
Custom 1  OK
]]></system-out>
  </testcase>
  <testcase name="SeamlessExtraPTSingleUpdate[TVBet, 1, 1.00, org.testng.TestRunner@644ded04](9)" classname="AASAutomation.test.ExtraPTTest" time="1.924">
    <system-out><![CDATA[Btn State: true
Custom 0  OK
Custom 0  OK
Btn State: true
Custom 1  OK
]]></system-out>
  </testcase>
  <testcase name="SeamlessExtraPTSingleUpdate[RCG, 1, 1.00, org.testng.TestRunner@644ded04](10)" classname="AASAutomation.test.ExtraPTTest" time="1.928">
    <system-out><![CDATA[Btn State: true
Custom 0  OK
Custom 0  OK
Btn State: true
Custom 1  OK
]]></system-out>
  </testcase>
  <testcase name="SeamlessExtraPTSingleUpdate[Ezugi, 1, 1.00, org.testng.TestRunner@644ded04](11)" classname="AASAutomation.test.ExtraPTTest" time="2.089">
    <system-out><![CDATA[Btn State: true
Custom 0  OK
Custom 0  OK
Btn State: true
Custom 1  OK
]]></system-out>
  </testcase>
  <testcase name="SeamlessExtraPTSingleUpdate[Bota, 1, 1.00, org.testng.TestRunner@644ded04](12)" classname="AASAutomation.test.ExtraPTTest" time="2.061">
    <system-out><![CDATA[Btn State: false
Custom 0  NO
Btn State: true
Custom 1  OK
Custom 1  OK
Btn State: true
Custom 2  OK
Custom 2  OK
Btn State: true
Custom 3  OK
]]></system-out>
  </testcase>
  <testcase name="SeamlessExtraPTSingleUpdate[Skywind, 1, 1.00, org.testng.TestRunner@644ded04](13)" classname="AASAutomation.test.ExtraPTTest" time="1.98">
    <system-out><![CDATA[Btn State: true
Custom 0  OK
Custom 0  OK
Btn State: true
Custom 1  OK
]]></system-out>
  </testcase>
  <testcase name="SeamlessExtraPTSingleUpdate[UIG Casino, 1, 1.00, org.testng.TestRunner@644ded04](14)" classname="AASAutomation.test.ExtraPTTest" time="2.045">
    <system-out><![CDATA[Btn State: true
Custom 0  OK
Custom 0  OK
Btn State: true
Custom 1  OK
]]></system-out>
  </testcase>
  <testcase name="SeamlessExtraPTSingleUpdate[Motivation, 1, 1.00, org.testng.TestRunner@644ded04](15)" classname="AASAutomation.test.ExtraPTTest" time="2.016">
    <system-out><![CDATA[Btn State: true
Custom 0  OK
Custom 0  OK
Btn State: true
Custom 1  OK
]]></system-out>
  </testcase>
  <testcase name="SeamlessExtraPTSingleUpdate[DoWin, 1, 1.00, org.testng.TestRunner@644ded04](16)" classname="AASAutomation.test.ExtraPTTest" time="2.036">
    <system-out><![CDATA[Btn State: true
Custom 0  OK
Custom 0  OK
Btn State: true
Custom 1  OK
]]></system-out>
  </testcase>
  <testcase name="SeamlessExtraPTSingleUpdate[Oriental Gaming, 1, 1.00, org.testng.TestRunner@644ded04](17)" classname="AASAutomation.test.ExtraPTTest" time="5.671">
    <system-out><![CDATA[Btn State: true
Custom 0  OK
Custom 0  OK
Btn State: true
Custom 1  OK
Custom 1  OK
Btn State: true
Custom 2  OK
]]></system-out>
  </testcase>
  <testcase name="SeamlessExtraPTSingleUpdate[Taishan, 1, 1.00, org.testng.TestRunner@644ded04](18)" classname="AASAutomation.test.ExtraPTTest" time="5.3">
    <system-out><![CDATA[Btn State: true
Custom 0  OK
Custom 0  OK
Btn State: true
Custom 1  OK
]]></system-out>
  </testcase>
  <testcase name="SeamlessExtraPTSingleUpdate[Yes8 Vegas Lounge, 1, 1.00, org.testng.TestRunner@644ded04](19)" classname="AASAutomation.test.ExtraPTTest" time="2.332">
    <system-out><![CDATA[Btn State: true
Custom 0  OK
Custom 0  OK
Btn State: true
Custom 1  OK
Custom 1  OK
Btn State: true
Custom 2  OK
]]></system-out>
  </testcase>
  <testcase name="SeamlessExtraPTSingleUpdate[Beter, 1, 1.00, org.testng.TestRunner@644ded04](20)" classname="AASAutomation.test.ExtraPTTest" time="2.331">
    <system-out><![CDATA[Btn State: true
Custom 0  OK
Custom 0  OK
Btn State: true
Custom 1  OK
Custom 1  OK
Btn State: true
Custom 2  OK
]]></system-out>
  </testcase>
  <testcase name="SeamlessExtraPTSingleUpdate[Inplay Matrix, 2, 1.00, org.testng.TestRunner@644ded04](21)" classname="AASAutomation.test.ExtraPTTest" time="2.345">
    <system-out><![CDATA[Btn State: true
Custom 0  OK
Custom 0  OK
Btn State: true
Custom 1  OK
]]></system-out>
  </testcase>
  <testcase name="SeamlessExtraPTSingleUpdate[Kiron, 2, 1.00, org.testng.TestRunner@644ded04](22)" classname="AASAutomation.test.ExtraPTTest" time="2.036">
    <system-out><![CDATA[Btn State: true
Custom 0  OK
Custom 0  OK
Btn State: true
Custom 1  OK
]]></system-out>
  </testcase>
  <testcase name="SeamlessExtraPTSingleUpdate[Pinnacle, 2, 1.00, org.testng.TestRunner@644ded04](23)" classname="AASAutomation.test.ExtraPTTest" time="2.198">
    <system-out><![CDATA[Btn State: true
Custom 0  OK
Custom 0  OK
Btn State: true
Custom 1  OK
]]></system-out>
  </testcase>
  <testcase name="SeamlessExtraPTSingleUpdate[Live Betting, 2, 1.00, org.testng.TestRunner@644ded04](24)" classname="AASAutomation.test.ExtraPTTest" time="2.586">
    <system-out><![CDATA[Btn State: true
Custom 0  OK
Custom 0  OK
Btn State: true
Custom 1  OK
]]></system-out>
  </testcase>
  <testcase name="SeamlessExtraPTSingleUpdate[Slots, 3, 1.00, org.testng.TestRunner@644ded04](25)" classname="AASAutomation.test.ExtraPTTest" time="2.827">
    <system-out><![CDATA[Btn State: true
Custom 0  OK
Custom 0  OK
Btn State: true
Custom 1  OK
Custom 1  OK
Btn State: true
Custom 2  OK
]]></system-out>
  </testcase>
  <testcase name="SeamlessExtraPTSingleUpdate[Playtech &amp; Skywind Slot, 4, 1.00, org.testng.TestRunner@644ded04](26)" classname="AASAutomation.test.ExtraPTTest" time="2.19">
    <system-out><![CDATA[Btn State: true
Custom 0  OK
Custom 0  OK
Btn State: true
Custom 1  OK
]]></system-out>
  </testcase>
  <testcase name="SeamlessExtraPTGroupUpdate[org.testng.TestRunner@644ded04](1)" classname="AASAutomation.test.ExtraPTTest" time="3.747">
    <system-out><![CDATA[Btn State: true
Custom 0  OK
Custom 0  OK
Btn State: true
Custom 1  OK
]]></system-out>
  </testcase>
  <testcase name="SeamlessExtraPTGroupCheck[Evolution, 1, 1.20, org.testng.TestRunner@644ded04](1)" classname="AASAutomation.test.ExtraPTTest" time="0.464"/>
  <testcase name="SeamlessExtraPTGroupCheck[Big Gaming, 1, 1.20, org.testng.TestRunner@644ded04](2)" classname="AASAutomation.test.ExtraPTTest" time="0.087"/>
  <testcase name="SeamlessExtraPTGroupCheck[Micro Gaming, 1, 1.10, org.testng.TestRunner@644ded04](3)" classname="AASAutomation.test.ExtraPTTest" time="0.095"/>
  <testcase name="SeamlessExtraPTGroupCheck[Asia Gaming, 1, 1.00, org.testng.TestRunner@644ded04](4)" classname="AASAutomation.test.ExtraPTTest" time="0.102"/>
  <testcase name="SeamlessExtraPTGroupCheck[Dream Gaming, 1, 1.00, org.testng.TestRunner@644ded04](5)" classname="AASAutomation.test.ExtraPTTest" time="0.111"/>
  <testcase name="SeamlessExtraPTGroupCheck[Sexy Gaming, 1, 1.00, org.testng.TestRunner@644ded04](6)" classname="AASAutomation.test.ExtraPTTest" time="0.124"/>
  <testcase name="SeamlessExtraPTGroupCheck[PragmaticPlay, 1, 1.00, org.testng.TestRunner@644ded04](7)" classname="AASAutomation.test.ExtraPTTest" time="0.13"/>
  <testcase name="SeamlessExtraPTGroupCheck[Playtech, 1, 1.00, org.testng.TestRunner@644ded04](8)" classname="AASAutomation.test.ExtraPTTest" time="0.138"/>
  <testcase name="SeamlessExtraPTGroupCheck[TVBet, 1, 1.00, org.testng.TestRunner@644ded04](9)" classname="AASAutomation.test.ExtraPTTest" time="0.141"/>
  <testcase name="SeamlessExtraPTGroupCheck[RCG, 1, 1.00, org.testng.TestRunner@644ded04](10)" classname="AASAutomation.test.ExtraPTTest" time="0.164"/>
  <testcase name="SeamlessExtraPTGroupCheck[Ezugi, 1, 1.00, org.testng.TestRunner@644ded04](11)" classname="AASAutomation.test.ExtraPTTest" time="0.168"/>
  <testcase name="SeamlessExtraPTGroupCheck[Bota, 1, 1.00, org.testng.TestRunner@644ded04](12)" classname="AASAutomation.test.ExtraPTTest" time="0.167"/>
  <testcase name="SeamlessExtraPTGroupCheck[Skywind, 1, 1.00, org.testng.TestRunner@644ded04](13)" classname="AASAutomation.test.ExtraPTTest" time="0.176"/>
  <testcase name="SeamlessExtraPTGroupCheck[UIG Casino, 1, 1.00, org.testng.TestRunner@644ded04](14)" classname="AASAutomation.test.ExtraPTTest" time="0.184"/>
  <testcase name="SeamlessExtraPTGroupCheck[Motivation, 1, 1.00, org.testng.TestRunner@644ded04](15)" classname="AASAutomation.test.ExtraPTTest" time="0.195"/>
  <testcase name="SeamlessExtraPTGroupCheck[DoWin, 1, 1.00, org.testng.TestRunner@644ded04](16)" classname="AASAutomation.test.ExtraPTTest" time="0.199"/>
  <testcase name="SeamlessExtraPTGroupCheck[Oriental Gaming, 1, 1.00, org.testng.TestRunner@644ded04](17)" classname="AASAutomation.test.ExtraPTTest" time="0.208"/>
  <testcase name="SeamlessExtraPTGroupCheck[Taishan, 1, 1.00, org.testng.TestRunner@644ded04](18)" classname="AASAutomation.test.ExtraPTTest" time="0.217"/>
  <testcase name="SeamlessExtraPTGroupCheck[Yes8 Vegas Lounge, 1, 1.00, org.testng.TestRunner@644ded04](19)" classname="AASAutomation.test.ExtraPTTest" time="0.223"/>
  <testcase name="SeamlessExtraPTGroupCheck[Beter, 1, 1.00, org.testng.TestRunner@644ded04](20)" classname="AASAutomation.test.ExtraPTTest" time="0.239"/>
  <testcase name="SeamlessExtraPTGroupCheck[Inplay Matrix, 2, 1.00, org.testng.TestRunner@644ded04](21)" classname="AASAutomation.test.ExtraPTTest" time="0.265"/>
  <testcase name="SeamlessExtraPTGroupCheck[Kiron, 2, 1.00, org.testng.TestRunner@644ded04](22)" classname="AASAutomation.test.ExtraPTTest" time="0.268"/>
  <testcase name="SeamlessExtraPTGroupCheck[Pinnacle, 2, 1.00, org.testng.TestRunner@644ded04](23)" classname="AASAutomation.test.ExtraPTTest" time="0.275"/>
  <testcase name="SeamlessExtraPTGroupCheck[Live Betting, 2, 1.00, org.testng.TestRunner@644ded04](24)" classname="AASAutomation.test.ExtraPTTest" time="0.268"/>
  <testcase name="SeamlessExtraPTGroupCheck[Slots, 3, 1.00, org.testng.TestRunner@644ded04](25)" classname="AASAutomation.test.ExtraPTTest" time="0.281"/>
  <testcase name="SeamlessExtraPTGroupCheck[Playtech &amp; Skywind Slot, 4, 1.00, org.testng.TestRunner@644ded04](26)" classname="AASAutomation.test.ExtraPTTest" time="0.295"/>
  <testcase name="WalletSectionSetUp[org.testng.TestRunner@644ded04](1)" classname="AASAutomation.test.ExtraPTTest" time="2.197"/>
  <testcase name="WalletExtraPTSingleUpdate[Evolution, 1, 1.00, org.testng.TestRunner@644ded04](1)" classname="AASAutomation.test.ExtraPTTest" time="1.869">
    <system-out><![CDATA[Btn State: true
Custom 0  OK
Custom 0  OK
Btn State: true
Custom 1  OK
]]></system-out>
  </testcase>
  <testcase name="WalletExtraPTSingleUpdate[Big Gaming, 1, 1.00, org.testng.TestRunner@644ded04](2)" classname="AASAutomation.test.ExtraPTTest" time="1.778">
    <system-out><![CDATA[Btn State: true
Custom 0  OK
Custom 0  OK
Btn State: true
Custom 1  OK
]]></system-out>
  </testcase>
  <testcase name="WalletExtraPTSingleUpdate[Asia Gaming, 1, 1.00, org.testng.TestRunner@644ded04](3)" classname="AASAutomation.test.ExtraPTTest" time="1.924">
    <system-out><![CDATA[Btn State: true
Custom 0  OK
Custom 0  OK
Btn State: true
Custom 1  OK
Custom 1  OK
Btn State: true
Custom 2  OK
]]></system-out>
  </testcase>
  <testcase name="WalletExtraPTSingleUpdate[Dream Gaming, 1, 1.00, org.testng.TestRunner@644ded04](4)" classname="AASAutomation.test.ExtraPTTest" time="2.062">
    <system-out><![CDATA[Btn State: true
Custom 0  OK
Custom 0  OK
Btn State: true
Custom 1  OK
Custom 1  OK
Btn State: true
Custom 2  OK
]]></system-out>
  </testcase>
  <testcase name="WalletExtraPTSingleUpdate[Sexy Gaming, 1, 1.00, org.testng.TestRunner@644ded04](5)" classname="AASAutomation.test.ExtraPTTest" time="1.746">
    <system-out><![CDATA[Btn State: true
Custom 0  OK
Custom 0  OK
Btn State: true
Custom 1  OK
]]></system-out>
  </testcase>
  <testcase name="WalletExtraPTSingleUpdate[PragmaticPlay, 1, 1.00, org.testng.TestRunner@644ded04](6)" classname="AASAutomation.test.ExtraPTTest" time="2.073">
    <system-out><![CDATA[Btn State: true
Custom 0  OK
Custom 0  OK
Btn State: true
Custom 1  OK
Custom 1  OK
Btn State: true
Custom 2  OK
]]></system-out>
  </testcase>
  <testcase name="WalletExtraPTSingleUpdate[Playtech, 1, 1.00, org.testng.TestRunner@644ded04](7)" classname="AASAutomation.test.ExtraPTTest" time="1.925">
    <system-out><![CDATA[Btn State: true
Custom 0  OK
Custom 0  OK
Btn State: true
Custom 1  OK
]]></system-out>
  </testcase>
  <testcase name="WalletExtraPTSingleUpdate[Bota, 1, 1.00, org.testng.TestRunner@644ded04](8)" classname="AASAutomation.test.ExtraPTTest" time="1.827">
    <system-out><![CDATA[Btn State: true
Custom 0  OK
Custom 0  OK
Btn State: true
Custom 1  OK
]]></system-out>
  </testcase>
  <testcase name="WalletExtraPTSingleUpdate[DoWin, 1, 1.00, org.testng.TestRunner@644ded04](9)" classname="AASAutomation.test.ExtraPTTest" time="2.294">
    <system-out><![CDATA[Btn State: true
Custom 0  OK
Custom 0  OK
Btn State: true
Custom 1  OK
Custom 1  OK
Btn State: true
Custom 2  OK
]]></system-out>
  </testcase>
  <testcase name="WalletExtraPTSingleUpdate[Double Dragon, 1, 1.00, org.testng.TestRunner@644ded04](10)" classname="AASAutomation.test.ExtraPTTest" time="2.113">
    <system-out><![CDATA[Btn State: true
Custom 0  OK
Custom 0  OK
Btn State: true
Custom 1  OK
]]></system-out>
  </testcase>
  <testcase name="WalletExtraPTSingleUpdate[Oriental Gaming, 1, 1.00, org.testng.TestRunner@644ded04](11)" classname="AASAutomation.test.ExtraPTTest" time="5.941">
    <system-out><![CDATA[Btn State: true
Custom 0  OK
Custom 0  OK
Btn State: true
Custom 1  OK
]]></system-out>
  </testcase>
  <testcase name="WalletExtraPTSingleUpdate[Arena, 1, 1.00, org.testng.TestRunner@644ded04](12)" classname="AASAutomation.test.ExtraPTTest" time="4.63">
    <system-out><![CDATA[Btn State: true
Custom 0  OK
Custom 0  OK
Btn State: true
Custom 1  OK
]]></system-out>
  </testcase>
  <testcase name="WalletExtraPTSingleUpdate[Taishan, 1, 1.00, org.testng.TestRunner@644ded04](13)" classname="AASAutomation.test.ExtraPTTest" time="2.001">
    <system-out><![CDATA[Btn State: true
Custom 0  OK
Custom 0  OK
Btn State: true
Custom 1  OK
]]></system-out>
  </testcase>
  <testcase name="WalletExtraPTSingleUpdate[Yes8 Vegas Lounge, 1, 1.00, org.testng.TestRunner@644ded04](14)" classname="AASAutomation.test.ExtraPTTest" time="2.253">
    <system-out><![CDATA[Btn State: true
Custom 0  OK
Custom 0  OK
Btn State: true
Custom 1  OK
Custom 1  OK
Btn State: true
Custom 2  OK
]]></system-out>
  </testcase>
  <testcase name="WalletExtraPTSingleUpdate[Beter, 1, 1.00, org.testng.TestRunner@644ded04](15)" classname="AASAutomation.test.ExtraPTTest" time="1.972">
    <system-out><![CDATA[Btn State: true
Custom 0  OK
Custom 0  OK
Btn State: true
Custom 1  OK
]]></system-out>
  </testcase>
  <testcase name="WalletExtraPTSingleUpdate[Slots, 3, 1.00, org.testng.TestRunner@644ded04](16)" classname="AASAutomation.test.ExtraPTTest" time="2.319">
    <system-out><![CDATA[Btn State: true
Custom 0  OK
Custom 0  OK
Btn State: true
Custom 1  OK
]]></system-out>
  </testcase>
  <testcase name="WalletExtraPTSingleUpdate[Playtech &amp; Skywind Slot, 4, 1.00, org.testng.TestRunner@644ded04](17)" classname="AASAutomation.test.ExtraPTTest" time="2.162">
    <system-out><![CDATA[Btn State: true
Custom 0  OK
Custom 0  OK
Btn State: true
Custom 1  OK
]]></system-out>
  </testcase>
  <testcase name="WalletExtraPTGroupUpdate[org.testng.TestRunner@644ded04](1)" classname="AASAutomation.test.ExtraPTTest" time="3.05">
    <system-out><![CDATA[Btn State: true
Custom 0  OK
Custom 0  OK
Btn State: true
Custom 1  OK
]]></system-out>
  </testcase>
  <testcase name="WalletExtraPTGroupCheck[Evolution, 1, 1.00, org.testng.TestRunner@644ded04](1)" classname="AASAutomation.test.ExtraPTTest" time="0.474"/>
  <testcase name="WalletExtraPTGroupCheck[Big Gaming, 1, 1.00, org.testng.TestRunner@644ded04](2)" classname="AASAutomation.test.ExtraPTTest" time="0.092"/>
  <testcase name="WalletExtraPTGroupCheck[Asia Gaming, 1, 1.00, org.testng.TestRunner@644ded04](3)" classname="AASAutomation.test.ExtraPTTest" time="0.103"/>
  <testcase name="WalletExtraPTGroupCheck[Dream Gaming, 1, 1.00, org.testng.TestRunner@644ded04](4)" classname="AASAutomation.test.ExtraPTTest" time="0.116"/>
  <testcase name="WalletExtraPTGroupCheck[Sexy Gaming, 1, 1.00, org.testng.TestRunner@644ded04](5)" classname="AASAutomation.test.ExtraPTTest" time="0.118"/>
  <testcase name="WalletExtraPTGroupCheck[PragmaticPlay, 1, 1.00, org.testng.TestRunner@644ded04](6)" classname="AASAutomation.test.ExtraPTTest" time="0.128"/>
  <testcase name="WalletExtraPTGroupCheck[Playtech, 1, 1.00, org.testng.TestRunner@644ded04](7)" classname="AASAutomation.test.ExtraPTTest" time="0.134"/>
  <testcase name="WalletExtraPTGroupCheck[Bota, 1, 1.00, org.testng.TestRunner@644ded04](8)" classname="AASAutomation.test.ExtraPTTest" time="0.15"/>
  <testcase name="WalletExtraPTGroupCheck[DoWin, 1, 1.00, org.testng.TestRunner@644ded04](9)" classname="AASAutomation.test.ExtraPTTest" time="0.155"/>
  <testcase name="WalletExtraPTGroupCheck[Double Dragon, 1, 1.00, org.testng.TestRunner@644ded04](10)" classname="AASAutomation.test.ExtraPTTest" time="0.166"/>
  <testcase name="WalletExtraPTGroupCheck[Oriental Gaming, 1, 1.00, org.testng.TestRunner@644ded04](11)" classname="AASAutomation.test.ExtraPTTest" time="0.174"/>
  <testcase name="WalletExtraPTGroupCheck[Arena, 1, 1.00, org.testng.TestRunner@644ded04](12)" classname="AASAutomation.test.ExtraPTTest" time="0.187"/>
  <testcase name="WalletExtraPTGroupCheck[Taishan, 1, 1.00, org.testng.TestRunner@644ded04](13)" classname="AASAutomation.test.ExtraPTTest" time="0.192"/>
  <testcase name="WalletExtraPTGroupCheck[Yes8 Vegas Lounge, 1, 1.00, org.testng.TestRunner@644ded04](14)" classname="AASAutomation.test.ExtraPTTest" time="0.2"/>
  <testcase name="WalletExtraPTGroupCheck[Beter, 1, 1.00, org.testng.TestRunner@644ded04](15)" classname="AASAutomation.test.ExtraPTTest" time="0.212"/>
  <testcase name="WalletExtraPTGroupCheck[Slots, 3, 1.00, org.testng.TestRunner@644ded04](16)" classname="AASAutomation.test.ExtraPTTest" time="0.22"/>
  <testcase name="WalletExtraPTGroupCheck[Playtech &amp; Skywind Slot, 4, 1.00, org.testng.TestRunner@644ded04](17)" classname="AASAutomation.test.ExtraPTTest" time="0.227"/>
</testsuite>