<?xml version="1.0" encoding="UTF-8"?>
<!-- Generated by org.testng.reporters.JUnitReportReporter -->
<testsuite hostname="JunWoos-MacBook-Pro.local" failures="0" tests="165" name="AASAutomation.test.ProductSettingTest" time="210.420" errors="0" timestamp="2023-04-10T18:24:01 MYT" skipped="0">
  <testcase classname="AASAutomation.test.ProductSettingTest" name="ProceedToSMA" time="3.214"/>
  <system-out/>
  <testcase classname="AASAutomation.test.ProductSettingTest" name="SectionSetUpSMA" time="1.046"/>
  <system-out/>
  <testcase classname="AASAutomation.test.ProductSettingTest" name="ProductSettingSingleUpdate_SMA" time="1.764"/>
  <system-out/>
  <testcase classname="AASAutomation.test.ProductSettingTest" name="ProductSettingSingleUpdate_SMA" time="2.125"/>
  <system-out/>
  <testcase classname="AASAutomation.test.ProductSettingTest" name="ProductSettingSingleUpdate_SMA" time="1.828"/>
  <system-out/>
  <testcase classname="AASAutomation.test.ProductSettingTest" name="ProductSettingSingleUpdate_SMA" time="2.004"/>
  <system-out/>
  <testcase classname="AASAutomation.test.ProductSettingTest" name="ProductSettingSingleUpdate_SMA" time="1.719"/>
  <system-out/>
  <testcase classname="AASAutomation.test.ProductSettingTest" name="ProductSettingSingleUpdate_SMA" time="1.785"/>
  <system-out/>
  <testcase classname="AASAutomation.test.ProductSettingTest" name="ProductSettingSingleUpdate_SMA" time="2.571"/>
  <system-out/>
  <testcase classname="AASAutomation.test.ProductSettingTest" name="ProductSettingSingleUpdate_SMA" time="1.469"/>
  <system-out/>
  <testcase classname="AASAutomation.test.ProductSettingTest" name="ProductSettingSingleUpdate_SMA" time="1.599"/>
  <system-out/>
  <testcase classname="AASAutomation.test.ProductSettingTest" name="ProductSettingSingleUpdate_SMA" time="2.104"/>
  <system-out/>
  <testcase classname="AASAutomation.test.ProductSettingTest" name="ProductSettingSingleUpdate_SMA" time="1.615"/>
  <system-out/>
  <testcase classname="AASAutomation.test.ProductSettingTest" name="ProductSettingSingleUpdate_SMA" time="2.324"/>
  <system-out/>
  <testcase classname="AASAutomation.test.ProductSettingTest" name="ProductSettingSingleUpdate_SMA" time="1.492"/>
  <system-out/>
  <testcase classname="AASAutomation.test.ProductSettingTest" name="ProductSettingSingleUpdate_SMA" time="1.482"/>
  <system-out/>
  <testcase classname="AASAutomation.test.ProductSettingTest" name="ProductSettingSingleUpdate_SMA" time="1.876"/>
  <system-out/>
  <testcase classname="AASAutomation.test.ProductSettingTest" name="ProductSettingSingleUpdate_SMA" time="1.831"/>
  <system-out/>
  <testcase classname="AASAutomation.test.ProductSettingTest" name="ProductSettingSingleUpdate_SMA" time="2.434"/>
  <system-out/>
  <testcase classname="AASAutomation.test.ProductSettingTest" name="ProductSettingSingleUpdate_SMA" time="1.556"/>
  <system-out/>
  <testcase classname="AASAutomation.test.ProductSettingTest" name="ProductSettingSingleUpdate_SMA" time="6.878"/>
  <system-out/>
  <testcase classname="AASAutomation.test.ProductSettingTest" name="ProductSettingSingleUpdate_SMA" time="1.961"/>
  <system-out/>
  <testcase classname="AASAutomation.test.ProductSettingTest" name="ProductSettingSingleUpdate_SMA" time="1.505"/>
  <system-out/>
  <testcase classname="AASAutomation.test.ProductSettingTest" name="ProductSettingSingleUpdate_SMA" time="1.495"/>
  <system-out/>
  <testcase classname="AASAutomation.test.ProductSettingTest" name="ProductSettingSingleUpdate_SMA" time="1.697"/>
  <system-out/>
  <testcase classname="AASAutomation.test.ProductSettingTest" name="ProductSettingSingleUpdate_SMA" time="1.676"/>
  <system-out/>
  <testcase classname="AASAutomation.test.ProductSettingTest" name="ProductSettingSingleUpdate_SMA" time="1.921"/>
  <system-out/>
  <testcase classname="AASAutomation.test.ProductSettingTest" name="ProductSettingSingleUpdate_SMA" time="1.692"/>
  <system-out/>
  <testcase classname="AASAutomation.test.ProductSettingTest" name="ProductSettingGroupUpdate_SMA" time="2.552"/>
  <system-out/>
  <testcase classname="AASAutomation.test.ProductSettingTest" name="ProductSettingGroupCheck_SMA" time="0.130"/>
  <system-out/>
  <testcase classname="AASAutomation.test.ProductSettingTest" name="ProductSettingGroupCheck_SMA" time="0.426"/>
  <system-out/>
  <testcase classname="AASAutomation.test.ProductSettingTest" name="ProductSettingGroupCheck_SMA" time="0.272"/>
  <system-out/>
  <testcase classname="AASAutomation.test.ProductSettingTest" name="ProductSettingGroupCheck_SMA" time="0.288"/>
  <system-out/>
  <testcase classname="AASAutomation.test.ProductSettingTest" name="ProductSettingGroupCheck_SMA" time="0.405"/>
  <system-out/>
  <testcase classname="AASAutomation.test.ProductSettingTest" name="ProductSettingGroupCheck_SMA" time="0.197"/>
  <system-out/>
  <testcase classname="AASAutomation.test.ProductSettingTest" name="ProductSettingGroupCheck_SMA" time="0.182"/>
  <system-out/>
  <testcase classname="AASAutomation.test.ProductSettingTest" name="ProductSettingGroupCheck_SMA" time="0.366"/>
  <system-out/>
  <testcase classname="AASAutomation.test.ProductSettingTest" name="ProductSettingGroupCheck_SMA" time="0.293"/>
  <system-out/>
  <testcase classname="AASAutomation.test.ProductSettingTest" name="ProductSettingGroupCheck_SMA" time="0.168"/>
  <system-out/>
  <testcase classname="AASAutomation.test.ProductSettingTest" name="ProductSettingGroupCheck_SMA" time="0.350"/>
  <system-out/>
  <testcase classname="AASAutomation.test.ProductSettingTest" name="ProductSettingGroupCheck_SMA" time="0.132"/>
  <system-out/>
  <testcase classname="AASAutomation.test.ProductSettingTest" name="ProductSettingGroupCheck_SMA" time="0.314"/>
  <system-out/>
  <testcase classname="AASAutomation.test.ProductSettingTest" name="ProductSettingGroupCheck_SMA" time="0.345"/>
  <system-out/>
  <testcase classname="AASAutomation.test.ProductSettingTest" name="ProductSettingGroupCheck_SMA" time="0.189"/>
  <system-out/>
  <testcase classname="AASAutomation.test.ProductSettingTest" name="ProductSettingGroupCheck_SMA" time="0.358"/>
  <system-out/>
  <testcase classname="AASAutomation.test.ProductSettingTest" name="ProductSettingGroupCheck_SMA" time="0.371"/>
  <system-out/>
  <testcase classname="AASAutomation.test.ProductSettingTest" name="ProductSettingGroupCheck_SMA" time="0.440"/>
  <system-out/>
  <testcase classname="AASAutomation.test.ProductSettingTest" name="ProductSettingGroupCheck_SMA" time="0.264"/>
  <system-out/>
  <testcase classname="AASAutomation.test.ProductSettingTest" name="ProductSettingGroupCheck_SMA" time="0.406"/>
  <system-out/>
  <testcase classname="AASAutomation.test.ProductSettingTest" name="ProductSettingGroupCheck_SMA" time="0.158"/>
  <system-out/>
  <testcase classname="AASAutomation.test.ProductSettingTest" name="ProductSettingGroupCheck_SMA" time="0.213"/>
  <system-out/>
  <testcase classname="AASAutomation.test.ProductSettingTest" name="ProductSettingGroupCheck_SMA" time="0.382"/>
  <system-out/>
  <testcase classname="AASAutomation.test.ProductSettingTest" name="ProductSettingGroupCheck_SMA" time="0.102"/>
  <system-out/>
  <testcase classname="AASAutomation.test.ProductSettingTest" name="ProductSettingGroupCheck_SMA" time="0.229"/>
  <system-out/>
  <testcase classname="AASAutomation.test.ProductSettingTest" name="ProductSettingGroupCheck_SMA" time="0.114"/>
  <system-out/>
  <testcase classname="AASAutomation.test.ProductSettingTest" name="ProceedToMA" time="7.363"/>
  <system-out/>
  <testcase classname="AASAutomation.test.ProductSettingTest" name="SectionSetUpMA" time="0.959"/>
  <system-out/>
  <testcase classname="AASAutomation.test.ProductSettingTest" name="ProductSettingSingleUpdate_MA" time="1.819"/>
  <system-out/>
  <testcase classname="AASAutomation.test.ProductSettingTest" name="ProductSettingSingleUpdate_MA" time="2.129"/>
  <system-out/>
  <testcase classname="AASAutomation.test.ProductSettingTest" name="ProductSettingSingleUpdate_MA" time="1.967"/>
  <system-out/>
  <testcase classname="AASAutomation.test.ProductSettingTest" name="ProductSettingSingleUpdate_MA" time="1.470"/>
  <system-out/>
  <testcase classname="AASAutomation.test.ProductSettingTest" name="ProductSettingSingleUpdate_MA" time="2.023"/>
  <system-out/>
  <testcase classname="AASAutomation.test.ProductSettingTest" name="ProductSettingSingleUpdate_MA" time="2.227"/>
  <system-out/>
  <testcase classname="AASAutomation.test.ProductSettingTest" name="ProductSettingSingleUpdate_MA" time="1.731"/>
  <system-out/>
  <testcase classname="AASAutomation.test.ProductSettingTest" name="ProductSettingSingleUpdate_MA" time="1.914"/>
  <system-out/>
  <testcase classname="AASAutomation.test.ProductSettingTest" name="ProductSettingSingleUpdate_MA" time="1.582"/>
  <system-out/>
  <testcase classname="AASAutomation.test.ProductSettingTest" name="ProductSettingSingleUpdate_MA" time="2.054"/>
  <system-out/>
  <testcase classname="AASAutomation.test.ProductSettingTest" name="ProductSettingSingleUpdate_MA" time="7.885"/>
  <system-out/>
  <testcase classname="AASAutomation.test.ProductSettingTest" name="ProductSettingSingleUpdate_MA" time="1.971"/>
  <system-out/>
  <testcase classname="AASAutomation.test.ProductSettingTest" name="ProductSettingSingleUpdate_MA" time="1.554"/>
  <system-out/>
  <testcase classname="AASAutomation.test.ProductSettingTest" name="ProductSettingSingleUpdate_MA" time="1.881"/>
  <system-out/>
  <testcase classname="AASAutomation.test.ProductSettingTest" name="ProductSettingSingleUpdate_MA" time="2.133"/>
  <system-out/>
  <testcase classname="AASAutomation.test.ProductSettingTest" name="ProductSettingSingleUpdate_MA" time="1.591"/>
  <system-out/>
  <testcase classname="AASAutomation.test.ProductSettingTest" name="ProductSettingSingleUpdate_MA" time="1.667"/>
  <system-out/>
  <testcase classname="AASAutomation.test.ProductSettingTest" name="ProductSettingSingleUpdate_MA" time="1.495"/>
  <system-out/>
  <testcase classname="AASAutomation.test.ProductSettingTest" name="ProductSettingSingleUpdate_MA" time="1.571"/>
  <system-out/>
  <testcase classname="AASAutomation.test.ProductSettingTest" name="ProductSettingSingleUpdate_MA" time="1.443"/>
  <system-out/>
  <testcase classname="AASAutomation.test.ProductSettingTest" name="ProductSettingSingleUpdate_MA" time="1.998"/>
  <system-out/>
  <testcase classname="AASAutomation.test.ProductSettingTest" name="ProductSettingSingleUpdate_MA" time="1.829"/>
  <system-out/>
  <testcase classname="AASAutomation.test.ProductSettingTest" name="ProductSettingSingleUpdate_MA" time="1.636"/>
  <system-out/>
  <testcase classname="AASAutomation.test.ProductSettingTest" name="ProductSettingSingleUpdate_MA" time="1.511"/>
  <system-out/>
  <testcase classname="AASAutomation.test.ProductSettingTest" name="ProductSettingSingleUpdate_MA" time="1.785"/>
  <system-out/>
  <testcase classname="AASAutomation.test.ProductSettingTest" name="ProductSettingSingleUpdate_MA" time="1.946"/>
  <system-out/>
  <testcase classname="AASAutomation.test.ProductSettingTest" name="ProductSettingGroupUpdate_MA" time="2.694"/>
  <system-out/>
  <testcase classname="AASAutomation.test.ProductSettingTest" name="ProductSettingGroupCheck_MA" time="0.230"/>
  <system-out/>
  <testcase classname="AASAutomation.test.ProductSettingTest" name="ProductSettingGroupCheck_MA" time="0.310"/>
  <system-out/>
  <testcase classname="AASAutomation.test.ProductSettingTest" name="ProductSettingGroupCheck_MA" time="0.278"/>
  <system-out/>
  <testcase classname="AASAutomation.test.ProductSettingTest" name="ProductSettingGroupCheck_MA" time="0.274"/>
  <system-out/>
  <testcase classname="AASAutomation.test.ProductSettingTest" name="ProductSettingGroupCheck_MA" time="0.399"/>
  <system-out/>
  <testcase classname="AASAutomation.test.ProductSettingTest" name="ProductSettingGroupCheck_MA" time="0.373"/>
  <system-out/>
  <testcase classname="AASAutomation.test.ProductSettingTest" name="ProductSettingGroupCheck_MA" time="0.147"/>
  <system-out/>
  <testcase classname="AASAutomation.test.ProductSettingTest" name="ProductSettingGroupCheck_MA" time="0.133"/>
  <system-out/>
  <testcase classname="AASAutomation.test.ProductSettingTest" name="ProductSettingGroupCheck_MA" time="0.118"/>
  <system-out/>
  <testcase classname="AASAutomation.test.ProductSettingTest" name="ProductSettingGroupCheck_MA" time="0.260"/>
  <system-out/>
  <testcase classname="AASAutomation.test.ProductSettingTest" name="ProductSettingGroupCheck_MA" time="0.179"/>
  <system-out/>
  <testcase classname="AASAutomation.test.ProductSettingTest" name="ProductSettingGroupCheck_MA" time="0.213"/>
  <system-out/>
  <testcase classname="AASAutomation.test.ProductSettingTest" name="ProductSettingGroupCheck_MA" time="0.194"/>
  <system-out/>
  <testcase classname="AASAutomation.test.ProductSettingTest" name="ProductSettingGroupCheck_MA" time="0.109"/>
  <system-out/>
  <testcase classname="AASAutomation.test.ProductSettingTest" name="ProductSettingGroupCheck_MA" time="0.288"/>
  <system-out/>
  <testcase classname="AASAutomation.test.ProductSettingTest" name="ProductSettingGroupCheck_MA" time="0.297"/>
  <system-out/>
  <testcase classname="AASAutomation.test.ProductSettingTest" name="ProductSettingGroupCheck_MA" time="0.206"/>
  <system-out/>
  <testcase classname="AASAutomation.test.ProductSettingTest" name="ProductSettingGroupCheck_MA" time="0.419"/>
  <system-out/>
  <testcase classname="AASAutomation.test.ProductSettingTest" name="ProductSettingGroupCheck_MA" time="0.335"/>
  <system-out/>
  <testcase classname="AASAutomation.test.ProductSettingTest" name="ProductSettingGroupCheck_MA" time="0.382"/>
  <system-out/>
  <testcase classname="AASAutomation.test.ProductSettingTest" name="ProductSettingGroupCheck_MA" time="0.157"/>
  <system-out/>
  <testcase classname="AASAutomation.test.ProductSettingTest" name="ProductSettingGroupCheck_MA" time="0.323"/>
  <system-out/>
  <testcase classname="AASAutomation.test.ProductSettingTest" name="ProductSettingGroupCheck_MA" time="0.358"/>
  <system-out/>
  <testcase classname="AASAutomation.test.ProductSettingTest" name="ProductSettingGroupCheck_MA" time="0.344"/>
  <system-out/>
  <testcase classname="AASAutomation.test.ProductSettingTest" name="ProductSettingGroupCheck_MA" time="0.166"/>
  <system-out/>
  <testcase classname="AASAutomation.test.ProductSettingTest" name="ProductSettingGroupCheck_MA" time="0.310"/>
  <system-out/>
  <testcase classname="AASAutomation.test.ProductSettingTest" name="ProceedToAG" time="8.214"/>
  <system-out/>
  <testcase classname="AASAutomation.test.ProductSettingTest" name="SectionSetUpAG" time="0.928"/>
  <system-out/>
  <testcase classname="AASAutomation.test.ProductSettingTest" name="ProductSettingSingleUpdate_AG" time="2.108"/>
  <system-out/>
  <testcase classname="AASAutomation.test.ProductSettingTest" name="ProductSettingSingleUpdate_AG" time="6.395"/>
  <system-out/>
  <testcase classname="AASAutomation.test.ProductSettingTest" name="ProductSettingSingleUpdate_AG" time="2.179"/>
  <system-out/>
  <testcase classname="AASAutomation.test.ProductSettingTest" name="ProductSettingSingleUpdate_AG" time="2.173"/>
  <system-out/>
  <testcase classname="AASAutomation.test.ProductSettingTest" name="ProductSettingSingleUpdate_AG" time="1.554"/>
  <system-out/>
  <testcase classname="AASAutomation.test.ProductSettingTest" name="ProductSettingSingleUpdate_AG" time="1.934"/>
  <system-out/>
  <testcase classname="AASAutomation.test.ProductSettingTest" name="ProductSettingSingleUpdate_AG" time="1.951"/>
  <system-out/>
  <testcase classname="AASAutomation.test.ProductSettingTest" name="ProductSettingSingleUpdate_AG" time="2.578"/>
  <system-out/>
  <testcase classname="AASAutomation.test.ProductSettingTest" name="ProductSettingSingleUpdate_AG" time="1.821"/>
  <system-out/>
  <testcase classname="AASAutomation.test.ProductSettingTest" name="ProductSettingSingleUpdate_AG" time="1.604"/>
  <system-out/>
  <testcase classname="AASAutomation.test.ProductSettingTest" name="ProductSettingSingleUpdate_AG" time="1.850"/>
  <system-out/>
  <testcase classname="AASAutomation.test.ProductSettingTest" name="ProductSettingSingleUpdate_AG" time="1.814"/>
  <system-out/>
  <testcase classname="AASAutomation.test.ProductSettingTest" name="ProductSettingSingleUpdate_AG" time="1.625"/>
  <system-out/>
  <testcase classname="AASAutomation.test.ProductSettingTest" name="ProductSettingSingleUpdate_AG" time="1.707"/>
  <system-out/>
  <testcase classname="AASAutomation.test.ProductSettingTest" name="ProductSettingSingleUpdate_AG" time="1.690"/>
  <system-out/>
  <testcase classname="AASAutomation.test.ProductSettingTest" name="ProductSettingSingleUpdate_AG" time="1.682"/>
  <system-out/>
  <testcase classname="AASAutomation.test.ProductSettingTest" name="ProductSettingSingleUpdate_AG" time="2.255"/>
  <system-out/>
  <testcase classname="AASAutomation.test.ProductSettingTest" name="ProductSettingSingleUpdate_AG" time="1.829"/>
  <system-out/>
  <testcase classname="AASAutomation.test.ProductSettingTest" name="ProductSettingSingleUpdate_AG" time="1.507"/>
  <system-out/>
  <testcase classname="AASAutomation.test.ProductSettingTest" name="ProductSettingSingleUpdate_AG" time="1.647"/>
  <system-out/>
  <testcase classname="AASAutomation.test.ProductSettingTest" name="ProductSettingSingleUpdate_AG" time="1.894"/>
  <system-out/>
  <testcase classname="AASAutomation.test.ProductSettingTest" name="ProductSettingSingleUpdate_AG" time="1.633"/>
  <system-out/>
  <testcase classname="AASAutomation.test.ProductSettingTest" name="ProductSettingSingleUpdate_AG" time="1.771"/>
  <system-out/>
  <testcase classname="AASAutomation.test.ProductSettingTest" name="ProductSettingSingleUpdate_AG" time="1.866"/>
  <system-out/>
  <testcase classname="AASAutomation.test.ProductSettingTest" name="ProductSettingSingleUpdate_AG" time="1.953"/>
  <system-out/>
  <testcase classname="AASAutomation.test.ProductSettingTest" name="ProductSettingSingleUpdate_AG" time="3.804"/>
  <system-out/>
  <testcase classname="AASAutomation.test.ProductSettingTest" name="ProductSettingGroupUpdate_AG" time="2.683"/>
  <system-out/>
  <testcase classname="AASAutomation.test.ProductSettingTest" name="ProductSettingGroupCheck_AG" time="0.161"/>
  <system-out/>
  <testcase classname="AASAutomation.test.ProductSettingTest" name="ProductSettingGroupCheck_AG" time="0.300"/>
  <system-out/>
  <testcase classname="AASAutomation.test.ProductSettingTest" name="ProductSettingGroupCheck_AG" time="0.257"/>
  <system-out/>
  <testcase classname="AASAutomation.test.ProductSettingTest" name="ProductSettingGroupCheck_AG" time="0.138"/>
  <system-out/>
  <testcase classname="AASAutomation.test.ProductSettingTest" name="ProductSettingGroupCheck_AG" time="0.149"/>
  <system-out/>
  <testcase classname="AASAutomation.test.ProductSettingTest" name="ProductSettingGroupCheck_AG" time="0.137"/>
  <system-out/>
  <testcase classname="AASAutomation.test.ProductSettingTest" name="ProductSettingGroupCheck_AG" time="0.224"/>
  <system-out/>
  <testcase classname="AASAutomation.test.ProductSettingTest" name="ProductSettingGroupCheck_AG" time="0.296"/>
  <system-out/>
  <testcase classname="AASAutomation.test.ProductSettingTest" name="ProductSettingGroupCheck_AG" time="0.318"/>
  <system-out/>
  <testcase classname="AASAutomation.test.ProductSettingTest" name="ProductSettingGroupCheck_AG" time="0.352"/>
  <system-out/>
  <testcase classname="AASAutomation.test.ProductSettingTest" name="ProductSettingGroupCheck_AG" time="0.195"/>
  <system-out/>
  <testcase classname="AASAutomation.test.ProductSettingTest" name="ProductSettingGroupCheck_AG" time="0.401"/>
  <system-out/>
  <testcase classname="AASAutomation.test.ProductSettingTest" name="ProductSettingGroupCheck_AG" time="0.409"/>
  <system-out/>
  <testcase classname="AASAutomation.test.ProductSettingTest" name="ProductSettingGroupCheck_AG" time="0.386"/>
  <system-out/>
  <testcase classname="AASAutomation.test.ProductSettingTest" name="ProductSettingGroupCheck_AG" time="0.372"/>
  <system-out/>
  <testcase classname="AASAutomation.test.ProductSettingTest" name="ProductSettingGroupCheck_AG" time="0.336"/>
  <system-out/>
  <testcase classname="AASAutomation.test.ProductSettingTest" name="ProductSettingGroupCheck_AG" time="0.310"/>
  <system-out/>
  <testcase classname="AASAutomation.test.ProductSettingTest" name="ProductSettingGroupCheck_AG" time="0.175"/>
  <system-out/>
  <testcase classname="AASAutomation.test.ProductSettingTest" name="ProductSettingGroupCheck_AG" time="0.268"/>
  <system-out/>
  <testcase classname="AASAutomation.test.ProductSettingTest" name="ProductSettingGroupCheck_AG" time="0.118"/>
  <system-out/>
  <testcase classname="AASAutomation.test.ProductSettingTest" name="ProductSettingGroupCheck_AG" time="0.120"/>
  <system-out/>
  <testcase classname="AASAutomation.test.ProductSettingTest" name="ProductSettingGroupCheck_AG" time="0.312"/>
  <system-out/>
  <testcase classname="AASAutomation.test.ProductSettingTest" name="ProductSettingGroupCheck_AG" time="0.297"/>
  <system-out/>
  <testcase classname="AASAutomation.test.ProductSettingTest" name="ProductSettingGroupCheck_AG" time="0.124"/>
  <system-out/>
  <testcase classname="AASAutomation.test.ProductSettingTest" name="ProductSettingGroupCheck_AG" time="0.302"/>
  <system-out/>
  <testcase classname="AASAutomation.test.ProductSettingTest" name="ProductSettingGroupCheck_AG" time="0.375"/>
  <system-out/>
</testsuite> <!-- AASAutomation.test.ProductSettingTest -->
