<?xml version="1.0" encoding="UTF-8"?>
<!-- Generated by org.testng.reporters.JUnitReportReporter -->
<testsuite hostname="JunWoos-MacBook-Pro.local" failures="0" tests="4" name="AASAutomation.test.LoginTest" time="7.001" errors="0" timestamp="2023-03-20T12:22:35 MYT" skipped="0">
  <testcase classname="AASAutomation.test.LoginTest" name="LoginPageTitleTest" time="0.006"/>
  <system-out/>
  <testcase classname="AASAutomation.test.LoginTest" name="loginTestNegative01" time="1.879"/>
  <system-out/>
  <testcase classname="AASAutomation.test.LoginTest" name="loginTestNegative02" time="1.237"/>
  <system-out/>
  <testcase classname="AASAutomation.test.LoginTest" name="LoginTest" time="3.879"/>
  <system-out/>
</testsuite> <!-- AASAutomation.test.LoginTest -->
