<?xml version="1.0" encoding="UTF-8"?>
<!-- Generated by org.testng.reporters.JUnitReportReporter -->
<testsuite hostname="JunWoos-MBP" failures="0" tests="111" name="AASAutomation.test.ProductSettingTest" time="123.773" errors="0" timestamp="2023-04-07T21:39:13 MYT" skipped="0">
  <testcase classname="AASAutomation.test.ProductSettingTest" name="ProceedToSMA" time="2.203"/>
  <system-out/>
  <testcase classname="AASAutomation.test.ProductSettingTest" name="SectionSetUpSMA" time="0.671"/>
  <system-out/>
  <testcase classname="AASAutomation.test.ProductSettingTest" name="ProductSettingSingleUpdate_SMA" time="2.000"/>
  <system-out/>
  <testcase classname="AASAutomation.test.ProductSettingTest" name="ProductSettingSingleUpdate_SMA" time="1.452"/>
  <system-out/>
  <testcase classname="AASAutomation.test.ProductSettingTest" name="ProductSettingSingleUpdate_SMA" time="1.513"/>
  <system-out/>
  <testcase classname="AASAutomation.test.ProductSettingTest" name="ProductSettingSingleUpdate_SMA" time="1.470"/>
  <system-out/>
  <testcase classname="AASAutomation.test.ProductSettingTest" name="ProductSettingSingleUpdate_SMA" time="1.592"/>
  <system-out/>
  <testcase classname="AASAutomation.test.ProductSettingTest" name="ProductSettingSingleUpdate_SMA" time="1.686"/>
  <system-out/>
  <testcase classname="AASAutomation.test.ProductSettingTest" name="ProductSettingSingleUpdate_SMA" time="1.418"/>
  <system-out/>
  <testcase classname="AASAutomation.test.ProductSettingTest" name="ProductSettingSingleUpdate_SMA" time="1.485"/>
  <system-out/>
  <testcase classname="AASAutomation.test.ProductSettingTest" name="ProductSettingSingleUpdate_SMA" time="1.690"/>
  <system-out/>
  <testcase classname="AASAutomation.test.ProductSettingTest" name="ProductSettingSingleUpdate_SMA" time="1.701"/>
  <system-out/>
  <testcase classname="AASAutomation.test.ProductSettingTest" name="ProductSettingSingleUpdate_SMA" time="1.586"/>
  <system-out/>
  <testcase classname="AASAutomation.test.ProductSettingTest" name="ProductSettingSingleUpdate_SMA" time="1.640"/>
  <system-out/>
  <testcase classname="AASAutomation.test.ProductSettingTest" name="ProductSettingSingleUpdate_SMA" time="1.554"/>
  <system-out/>
  <testcase classname="AASAutomation.test.ProductSettingTest" name="ProductSettingSingleUpdate_SMA" time="1.733"/>
  <system-out/>
  <testcase classname="AASAutomation.test.ProductSettingTest" name="ProductSettingSingleUpdate_SMA" time="1.651"/>
  <system-out/>
  <testcase classname="AASAutomation.test.ProductSettingTest" name="ProductSettingSingleUpdate_SMA" time="1.602"/>
  <system-out/>
  <testcase classname="AASAutomation.test.ProductSettingTest" name="ProductSettingSingleUpdate_SMA" time="2.173"/>
  <system-out/>
  <testcase classname="AASAutomation.test.ProductSettingTest" name="ProductSettingGroupUpdate_SMA" time="2.093"/>
  <system-out/>
  <testcase classname="AASAutomation.test.ProductSettingTest" name="ProductSettingGroupCheck_SMA" time="0.111"/>
  <system-out/>
  <testcase classname="AASAutomation.test.ProductSettingTest" name="ProductSettingGroupCheck_SMA" time="0.091"/>
  <system-out/>
  <testcase classname="AASAutomation.test.ProductSettingTest" name="ProductSettingGroupCheck_SMA" time="0.187"/>
  <system-out/>
  <testcase classname="AASAutomation.test.ProductSettingTest" name="ProductSettingGroupCheck_SMA" time="0.128"/>
  <system-out/>
  <testcase classname="AASAutomation.test.ProductSettingTest" name="ProductSettingGroupCheck_SMA" time="0.174"/>
  <system-out/>
  <testcase classname="AASAutomation.test.ProductSettingTest" name="ProductSettingGroupCheck_SMA" time="0.163"/>
  <system-out/>
  <testcase classname="AASAutomation.test.ProductSettingTest" name="ProductSettingGroupCheck_SMA" time="0.143"/>
  <system-out/>
  <testcase classname="AASAutomation.test.ProductSettingTest" name="ProductSettingGroupCheck_SMA" time="0.211"/>
  <system-out/>
  <testcase classname="AASAutomation.test.ProductSettingTest" name="ProductSettingGroupCheck_SMA" time="0.226"/>
  <system-out/>
  <testcase classname="AASAutomation.test.ProductSettingTest" name="ProductSettingGroupCheck_SMA" time="0.156"/>
  <system-out/>
  <testcase classname="AASAutomation.test.ProductSettingTest" name="ProductSettingGroupCheck_SMA" time="0.250"/>
  <system-out/>
  <testcase classname="AASAutomation.test.ProductSettingTest" name="ProductSettingGroupCheck_SMA" time="0.217"/>
  <system-out/>
  <testcase classname="AASAutomation.test.ProductSettingTest" name="ProductSettingGroupCheck_SMA" time="0.242"/>
  <system-out/>
  <testcase classname="AASAutomation.test.ProductSettingTest" name="ProductSettingGroupCheck_SMA" time="0.259"/>
  <system-out/>
  <testcase classname="AASAutomation.test.ProductSettingTest" name="ProductSettingGroupCheck_SMA" time="0.102"/>
  <system-out/>
  <testcase classname="AASAutomation.test.ProductSettingTest" name="ProductSettingGroupCheck_SMA" time="0.114"/>
  <system-out/>
  <testcase classname="AASAutomation.test.ProductSettingTest" name="ProductSettingGroupCheck_SMA" time="0.201"/>
  <system-out/>
  <testcase classname="AASAutomation.test.ProductSettingTest" name="ProceedToMA" time="5.055"/>
  <system-out/>
  <testcase classname="AASAutomation.test.ProductSettingTest" name="SectionSetUpMA" time="0.594"/>
  <system-out/>
  <testcase classname="AASAutomation.test.ProductSettingTest" name="ProductSettingSingleUpdate_MA" time="1.561"/>
  <system-out/>
  <testcase classname="AASAutomation.test.ProductSettingTest" name="ProductSettingSingleUpdate_MA" time="1.386"/>
  <system-out/>
  <testcase classname="AASAutomation.test.ProductSettingTest" name="ProductSettingSingleUpdate_MA" time="1.673"/>
  <system-out/>
  <testcase classname="AASAutomation.test.ProductSettingTest" name="ProductSettingSingleUpdate_MA" time="1.614"/>
  <system-out/>
  <testcase classname="AASAutomation.test.ProductSettingTest" name="ProductSettingSingleUpdate_MA" time="1.641"/>
  <system-out/>
  <testcase classname="AASAutomation.test.ProductSettingTest" name="ProductSettingSingleUpdate_MA" time="1.394"/>
  <system-out/>
  <testcase classname="AASAutomation.test.ProductSettingTest" name="ProductSettingSingleUpdate_MA" time="1.470"/>
  <system-out/>
  <testcase classname="AASAutomation.test.ProductSettingTest" name="ProductSettingSingleUpdate_MA" time="7.558"/>
  <system-out/>
  <testcase classname="AASAutomation.test.ProductSettingTest" name="ProductSettingSingleUpdate_MA" time="1.946"/>
  <system-out/>
  <testcase classname="AASAutomation.test.ProductSettingTest" name="ProductSettingSingleUpdate_MA" time="1.497"/>
  <system-out/>
  <testcase classname="AASAutomation.test.ProductSettingTest" name="ProductSettingSingleUpdate_MA" time="1.645"/>
  <system-out/>
  <testcase classname="AASAutomation.test.ProductSettingTest" name="ProductSettingSingleUpdate_MA" time="1.729"/>
  <system-out/>
  <testcase classname="AASAutomation.test.ProductSettingTest" name="ProductSettingSingleUpdate_MA" time="1.601"/>
  <system-out/>
  <testcase classname="AASAutomation.test.ProductSettingTest" name="ProductSettingSingleUpdate_MA" time="1.577"/>
  <system-out/>
  <testcase classname="AASAutomation.test.ProductSettingTest" name="ProductSettingSingleUpdate_MA" time="1.871"/>
  <system-out/>
  <testcase classname="AASAutomation.test.ProductSettingTest" name="ProductSettingSingleUpdate_MA" time="1.693"/>
  <system-out/>
  <testcase classname="AASAutomation.test.ProductSettingTest" name="ProductSettingSingleUpdate_MA" time="1.796"/>
  <system-out/>
  <testcase classname="AASAutomation.test.ProductSettingTest" name="ProductSettingGroupUpdate_MA" time="2.164"/>
  <system-out/>
  <testcase classname="AASAutomation.test.ProductSettingTest" name="ProductSettingGroupCheck_MA" time="0.159"/>
  <system-out/>
  <testcase classname="AASAutomation.test.ProductSettingTest" name="ProductSettingGroupCheck_MA" time="0.240"/>
  <system-out/>
  <testcase classname="AASAutomation.test.ProductSettingTest" name="ProductSettingGroupCheck_MA" time="0.225"/>
  <system-out/>
  <testcase classname="AASAutomation.test.ProductSettingTest" name="ProductSettingGroupCheck_MA" time="0.250"/>
  <system-out/>
  <testcase classname="AASAutomation.test.ProductSettingTest" name="ProductSettingGroupCheck_MA" time="0.233"/>
  <system-out/>
  <testcase classname="AASAutomation.test.ProductSettingTest" name="ProductSettingGroupCheck_MA" time="0.110"/>
  <system-out/>
  <testcase classname="AASAutomation.test.ProductSettingTest" name="ProductSettingGroupCheck_MA" time="0.204"/>
  <system-out/>
  <testcase classname="AASAutomation.test.ProductSettingTest" name="ProductSettingGroupCheck_MA" time="0.173"/>
  <system-out/>
  <testcase classname="AASAutomation.test.ProductSettingTest" name="ProductSettingGroupCheck_MA" time="0.140"/>
  <system-out/>
  <testcase classname="AASAutomation.test.ProductSettingTest" name="ProductSettingGroupCheck_MA" time="0.192"/>
  <system-out/>
  <testcase classname="AASAutomation.test.ProductSettingTest" name="ProductSettingGroupCheck_MA" time="0.102"/>
  <system-out/>
  <testcase classname="AASAutomation.test.ProductSettingTest" name="ProductSettingGroupCheck_MA" time="0.126"/>
  <system-out/>
  <testcase classname="AASAutomation.test.ProductSettingTest" name="ProductSettingGroupCheck_MA" time="0.262"/>
  <system-out/>
  <testcase classname="AASAutomation.test.ProductSettingTest" name="ProductSettingGroupCheck_MA" time="0.114"/>
  <system-out/>
  <testcase classname="AASAutomation.test.ProductSettingTest" name="ProductSettingGroupCheck_MA" time="0.091"/>
  <system-out/>
  <testcase classname="AASAutomation.test.ProductSettingTest" name="ProductSettingGroupCheck_MA" time="0.147"/>
  <system-out/>
  <testcase classname="AASAutomation.test.ProductSettingTest" name="ProductSettingGroupCheck_MA" time="0.185"/>
  <system-out/>
  <testcase classname="AASAutomation.test.ProductSettingTest" name="ProceedToAG" time="4.607"/>
  <system-out/>
  <testcase classname="AASAutomation.test.ProductSettingTest" name="SectionSetUpAG" time="0.586"/>
  <system-out/>
  <testcase classname="AASAutomation.test.ProductSettingTest" name="ProductSettingSingleUpdate_AG" time="1.409"/>
  <system-out/>
  <testcase classname="AASAutomation.test.ProductSettingTest" name="ProductSettingSingleUpdate_AG" time="1.727"/>
  <system-out/>
  <testcase classname="AASAutomation.test.ProductSettingTest" name="ProductSettingSingleUpdate_AG" time="1.631"/>
  <system-out/>
  <testcase classname="AASAutomation.test.ProductSettingTest" name="ProductSettingSingleUpdate_AG" time="1.938"/>
  <system-out/>
  <testcase classname="AASAutomation.test.ProductSettingTest" name="ProductSettingSingleUpdate_AG" time="1.673"/>
  <system-out/>
  <testcase classname="AASAutomation.test.ProductSettingTest" name="ProductSettingSingleUpdate_AG" time="1.605"/>
  <system-out/>
  <testcase classname="AASAutomation.test.ProductSettingTest" name="ProductSettingSingleUpdate_AG" time="1.489"/>
  <system-out/>
  <testcase classname="AASAutomation.test.ProductSettingTest" name="ProductSettingSingleUpdate_AG" time="1.463"/>
  <system-out/>
  <testcase classname="AASAutomation.test.ProductSettingTest" name="ProductSettingSingleUpdate_AG" time="1.480"/>
  <system-out/>
  <testcase classname="AASAutomation.test.ProductSettingTest" name="ProductSettingSingleUpdate_AG" time="1.647"/>
  <system-out/>
  <testcase classname="AASAutomation.test.ProductSettingTest" name="ProductSettingSingleUpdate_AG" time="1.433"/>
  <system-out/>
  <testcase classname="AASAutomation.test.ProductSettingTest" name="ProductSettingSingleUpdate_AG" time="1.522"/>
  <system-out/>
  <testcase classname="AASAutomation.test.ProductSettingTest" name="ProductSettingSingleUpdate_AG" time="1.534"/>
  <system-out/>
  <testcase classname="AASAutomation.test.ProductSettingTest" name="ProductSettingSingleUpdate_AG" time="1.619"/>
  <system-out/>
  <testcase classname="AASAutomation.test.ProductSettingTest" name="ProductSettingSingleUpdate_AG" time="1.740"/>
  <system-out/>
  <testcase classname="AASAutomation.test.ProductSettingTest" name="ProductSettingSingleUpdate_AG" time="1.379"/>
  <system-out/>
  <testcase classname="AASAutomation.test.ProductSettingTest" name="ProductSettingSingleUpdate_AG" time="1.564"/>
  <system-out/>
  <testcase classname="AASAutomation.test.ProductSettingTest" name="ProductSettingGroupUpdate_AG" time="5.898"/>
  <system-out/>
  <testcase classname="AASAutomation.test.ProductSettingTest" name="ProductSettingGroupCheck_AG" time="0.124"/>
  <system-out/>
  <testcase classname="AASAutomation.test.ProductSettingTest" name="ProductSettingGroupCheck_AG" time="0.186"/>
  <system-out/>
  <testcase classname="AASAutomation.test.ProductSettingTest" name="ProductSettingGroupCheck_AG" time="2.703"/>
  <system-out/>
  <testcase classname="AASAutomation.test.ProductSettingTest" name="ProductSettingGroupCheck_AG" time="0.111"/>
  <system-out/>
  <testcase classname="AASAutomation.test.ProductSettingTest" name="ProductSettingGroupCheck_AG" time="0.255"/>
  <system-out/>
  <testcase classname="AASAutomation.test.ProductSettingTest" name="ProductSettingGroupCheck_AG" time="0.150"/>
  <system-out/>
  <testcase classname="AASAutomation.test.ProductSettingTest" name="ProductSettingGroupCheck_AG" time="0.266"/>
  <system-out/>
  <testcase classname="AASAutomation.test.ProductSettingTest" name="ProductSettingGroupCheck_AG" time="0.169"/>
  <system-out/>
  <testcase classname="AASAutomation.test.ProductSettingTest" name="ProductSettingGroupCheck_AG" time="0.226"/>
  <system-out/>
  <testcase classname="AASAutomation.test.ProductSettingTest" name="ProductSettingGroupCheck_AG" time="0.106"/>
  <system-out/>
  <testcase classname="AASAutomation.test.ProductSettingTest" name="ProductSettingGroupCheck_AG" time="0.189"/>
  <system-out/>
  <testcase classname="AASAutomation.test.ProductSettingTest" name="ProductSettingGroupCheck_AG" time="0.090"/>
  <system-out/>
  <testcase classname="AASAutomation.test.ProductSettingTest" name="ProductSettingGroupCheck_AG" time="0.211"/>
  <system-out/>
  <testcase classname="AASAutomation.test.ProductSettingTest" name="ProductSettingGroupCheck_AG" time="0.155"/>
  <system-out/>
  <testcase classname="AASAutomation.test.ProductSettingTest" name="ProductSettingGroupCheck_AG" time="0.248"/>
  <system-out/>
  <testcase classname="AASAutomation.test.ProductSettingTest" name="ProductSettingGroupCheck_AG" time="0.200"/>
  <system-out/>
  <testcase classname="AASAutomation.test.ProductSettingTest" name="ProductSettingGroupCheck_AG" time="0.134"/>
  <system-out/>
</testsuite> <!-- AASAutomation.test.ProductSettingTest -->
