<?xml version="1.0" encoding="UTF-8"?>
<!-- Generated by org.testng.reporters.JUnitReportReporter -->
<testsuite hostname="JunWoos-MacBook-Pro.local" failures="0" tests="111" name="AASAutomation.test.ProductSettingTest" time="124.674" errors="0" timestamp="2023-04-11T14:51:41 MYT" skipped="0">
  <testcase classname="AASAutomation.test.ProductSettingTest" name="ProceedToSMA" time="3.208"/>
  <system-out/>
  <testcase classname="AASAutomation.test.ProductSettingTest" name="SectionSetUpSMA" time="0.665"/>
  <system-out/>
  <testcase classname="AASAutomation.test.ProductSettingTest" name="ProductSettingSingleUpdate_SMA" time="1.390"/>
  <system-out/>
  <testcase classname="AASAutomation.test.ProductSettingTest" name="ProductSettingSingleUpdate_SMA" time="1.582"/>
  <system-out/>
  <testcase classname="AASAutomation.test.ProductSettingTest" name="ProductSettingSingleUpdate_SMA" time="1.629"/>
  <system-out/>
  <testcase classname="AASAutomation.test.ProductSettingTest" name="ProductSettingSingleUpdate_SMA" time="1.923"/>
  <system-out/>
  <testcase classname="AASAutomation.test.ProductSettingTest" name="ProductSettingSingleUpdate_SMA" time="1.559"/>
  <system-out/>
  <testcase classname="AASAutomation.test.ProductSettingTest" name="ProductSettingSingleUpdate_SMA" time="6.222"/>
  <system-out/>
  <testcase classname="AASAutomation.test.ProductSettingTest" name="ProductSettingSingleUpdate_SMA" time="4.911"/>
  <system-out/>
  <testcase classname="AASAutomation.test.ProductSettingTest" name="ProductSettingSingleUpdate_SMA" time="1.759"/>
  <system-out/>
  <testcase classname="AASAutomation.test.ProductSettingTest" name="ProductSettingSingleUpdate_SMA" time="1.466"/>
  <system-out/>
  <testcase classname="AASAutomation.test.ProductSettingTest" name="ProductSettingSingleUpdate_SMA" time="1.415"/>
  <system-out/>
  <testcase classname="AASAutomation.test.ProductSettingTest" name="ProductSettingSingleUpdate_SMA" time="1.613"/>
  <system-out/>
  <testcase classname="AASAutomation.test.ProductSettingTest" name="ProductSettingSingleUpdate_SMA" time="1.525"/>
  <system-out/>
  <testcase classname="AASAutomation.test.ProductSettingTest" name="ProductSettingSingleUpdate_SMA" time="1.392"/>
  <system-out/>
  <testcase classname="AASAutomation.test.ProductSettingTest" name="ProductSettingSingleUpdate_SMA" time="1.429"/>
  <system-out/>
  <testcase classname="AASAutomation.test.ProductSettingTest" name="ProductSettingSingleUpdate_SMA" time="1.558"/>
  <system-out/>
  <testcase classname="AASAutomation.test.ProductSettingTest" name="ProductSettingSingleUpdate_SMA" time="1.804"/>
  <system-out/>
  <testcase classname="AASAutomation.test.ProductSettingTest" name="ProductSettingSingleUpdate_SMA" time="1.422"/>
  <system-out/>
  <testcase classname="AASAutomation.test.ProductSettingTest" name="ProductSettingGroupUpdate_SMA" time="2.099"/>
  <system-out/>
  <testcase classname="AASAutomation.test.ProductSettingTest" name="ProductSettingGroupCheck_SMA" time="0.150"/>
  <system-out/>
  <testcase classname="AASAutomation.test.ProductSettingTest" name="ProductSettingGroupCheck_SMA" time="0.112"/>
  <system-out/>
  <testcase classname="AASAutomation.test.ProductSettingTest" name="ProductSettingGroupCheck_SMA" time="0.189"/>
  <system-out/>
  <testcase classname="AASAutomation.test.ProductSettingTest" name="ProductSettingGroupCheck_SMA" time="0.171"/>
  <system-out/>
  <testcase classname="AASAutomation.test.ProductSettingTest" name="ProductSettingGroupCheck_SMA" time="0.091"/>
  <system-out/>
  <testcase classname="AASAutomation.test.ProductSettingTest" name="ProductSettingGroupCheck_SMA" time="0.238"/>
  <system-out/>
  <testcase classname="AASAutomation.test.ProductSettingTest" name="ProductSettingGroupCheck_SMA" time="0.255"/>
  <system-out/>
  <testcase classname="AASAutomation.test.ProductSettingTest" name="ProductSettingGroupCheck_SMA" time="0.182"/>
  <system-out/>
  <testcase classname="AASAutomation.test.ProductSettingTest" name="ProductSettingGroupCheck_SMA" time="0.137"/>
  <system-out/>
  <testcase classname="AASAutomation.test.ProductSettingTest" name="ProductSettingGroupCheck_SMA" time="0.115"/>
  <system-out/>
  <testcase classname="AASAutomation.test.ProductSettingTest" name="ProductSettingGroupCheck_SMA" time="0.158"/>
  <system-out/>
  <testcase classname="AASAutomation.test.ProductSettingTest" name="ProductSettingGroupCheck_SMA" time="0.222"/>
  <system-out/>
  <testcase classname="AASAutomation.test.ProductSettingTest" name="ProductSettingGroupCheck_SMA" time="0.247"/>
  <system-out/>
  <testcase classname="AASAutomation.test.ProductSettingTest" name="ProductSettingGroupCheck_SMA" time="0.098"/>
  <system-out/>
  <testcase classname="AASAutomation.test.ProductSettingTest" name="ProductSettingGroupCheck_SMA" time="0.211"/>
  <system-out/>
  <testcase classname="AASAutomation.test.ProductSettingTest" name="ProductSettingGroupCheck_SMA" time="0.199"/>
  <system-out/>
  <testcase classname="AASAutomation.test.ProductSettingTest" name="ProductSettingGroupCheck_SMA" time="0.128"/>
  <system-out/>
  <testcase classname="AASAutomation.test.ProductSettingTest" name="ProceedToMA" time="5.059"/>
  <system-out/>
  <testcase classname="AASAutomation.test.ProductSettingTest" name="SectionSetUpMA" time="0.573"/>
  <system-out/>
  <testcase classname="AASAutomation.test.ProductSettingTest" name="ProductSettingSingleUpdate_MA" time="1.664"/>
  <system-out/>
  <testcase classname="AASAutomation.test.ProductSettingTest" name="ProductSettingSingleUpdate_MA" time="1.573"/>
  <system-out/>
  <testcase classname="AASAutomation.test.ProductSettingTest" name="ProductSettingSingleUpdate_MA" time="1.558"/>
  <system-out/>
  <testcase classname="AASAutomation.test.ProductSettingTest" name="ProductSettingSingleUpdate_MA" time="1.423"/>
  <system-out/>
  <testcase classname="AASAutomation.test.ProductSettingTest" name="ProductSettingSingleUpdate_MA" time="1.365"/>
  <system-out/>
  <testcase classname="AASAutomation.test.ProductSettingTest" name="ProductSettingSingleUpdate_MA" time="1.390"/>
  <system-out/>
  <testcase classname="AASAutomation.test.ProductSettingTest" name="ProductSettingSingleUpdate_MA" time="1.525"/>
  <system-out/>
  <testcase classname="AASAutomation.test.ProductSettingTest" name="ProductSettingSingleUpdate_MA" time="1.395"/>
  <system-out/>
  <testcase classname="AASAutomation.test.ProductSettingTest" name="ProductSettingSingleUpdate_MA" time="1.433"/>
  <system-out/>
  <testcase classname="AASAutomation.test.ProductSettingTest" name="ProductSettingSingleUpdate_MA" time="1.684"/>
  <system-out/>
  <testcase classname="AASAutomation.test.ProductSettingTest" name="ProductSettingSingleUpdate_MA" time="1.841"/>
  <system-out/>
  <testcase classname="AASAutomation.test.ProductSettingTest" name="ProductSettingSingleUpdate_MA" time="1.553"/>
  <system-out/>
  <testcase classname="AASAutomation.test.ProductSettingTest" name="ProductSettingSingleUpdate_MA" time="1.869"/>
  <system-out/>
  <testcase classname="AASAutomation.test.ProductSettingTest" name="ProductSettingSingleUpdate_MA" time="1.338"/>
  <system-out/>
  <testcase classname="AASAutomation.test.ProductSettingTest" name="ProductSettingSingleUpdate_MA" time="1.495"/>
  <system-out/>
  <testcase classname="AASAutomation.test.ProductSettingTest" name="ProductSettingSingleUpdate_MA" time="1.748"/>
  <system-out/>
  <testcase classname="AASAutomation.test.ProductSettingTest" name="ProductSettingSingleUpdate_MA" time="1.466"/>
  <system-out/>
  <testcase classname="AASAutomation.test.ProductSettingTest" name="ProductSettingGroupUpdate_MA" time="2.087"/>
  <system-out/>
  <testcase classname="AASAutomation.test.ProductSettingTest" name="ProductSettingGroupCheck_MA" time="0.133"/>
  <system-out/>
  <testcase classname="AASAutomation.test.ProductSettingTest" name="ProductSettingGroupCheck_MA" time="0.116"/>
  <system-out/>
  <testcase classname="AASAutomation.test.ProductSettingTest" name="ProductSettingGroupCheck_MA" time="0.199"/>
  <system-out/>
  <testcase classname="AASAutomation.test.ProductSettingTest" name="ProductSettingGroupCheck_MA" time="0.222"/>
  <system-out/>
  <testcase classname="AASAutomation.test.ProductSettingTest" name="ProductSettingGroupCheck_MA" time="0.155"/>
  <system-out/>
  <testcase classname="AASAutomation.test.ProductSettingTest" name="ProductSettingGroupCheck_MA" time="0.235"/>
  <system-out/>
  <testcase classname="AASAutomation.test.ProductSettingTest" name="ProductSettingGroupCheck_MA" time="0.255"/>
  <system-out/>
  <testcase classname="AASAutomation.test.ProductSettingTest" name="ProductSettingGroupCheck_MA" time="0.184"/>
  <system-out/>
  <testcase classname="AASAutomation.test.ProductSettingTest" name="ProductSettingGroupCheck_MA" time="0.146"/>
  <system-out/>
  <testcase classname="AASAutomation.test.ProductSettingTest" name="ProductSettingGroupCheck_MA" time="0.246"/>
  <system-out/>
  <testcase classname="AASAutomation.test.ProductSettingTest" name="ProductSettingGroupCheck_MA" time="0.222"/>
  <system-out/>
  <testcase classname="AASAutomation.test.ProductSettingTest" name="ProductSettingGroupCheck_MA" time="0.087"/>
  <system-out/>
  <testcase classname="AASAutomation.test.ProductSettingTest" name="ProductSettingGroupCheck_MA" time="0.169"/>
  <system-out/>
  <testcase classname="AASAutomation.test.ProductSettingTest" name="ProductSettingGroupCheck_MA" time="0.112"/>
  <system-out/>
  <testcase classname="AASAutomation.test.ProductSettingTest" name="ProductSettingGroupCheck_MA" time="0.190"/>
  <system-out/>
  <testcase classname="AASAutomation.test.ProductSettingTest" name="ProductSettingGroupCheck_MA" time="0.125"/>
  <system-out/>
  <testcase classname="AASAutomation.test.ProductSettingTest" name="ProductSettingGroupCheck_MA" time="0.098"/>
  <system-out/>
  <testcase classname="AASAutomation.test.ProductSettingTest" name="ProceedToAG" time="4.895"/>
  <system-out/>
  <testcase classname="AASAutomation.test.ProductSettingTest" name="SectionSetUpAG" time="0.572"/>
  <system-out/>
  <testcase classname="AASAutomation.test.ProductSettingTest" name="ProductSettingSingleUpdate_AG" time="1.549"/>
  <system-out/>
  <testcase classname="AASAutomation.test.ProductSettingTest" name="ProductSettingSingleUpdate_AG" time="1.465"/>
  <system-out/>
  <testcase classname="AASAutomation.test.ProductSettingTest" name="ProductSettingSingleUpdate_AG" time="1.434"/>
  <system-out/>
  <testcase classname="AASAutomation.test.ProductSettingTest" name="ProductSettingSingleUpdate_AG" time="1.739"/>
  <system-out/>
  <testcase classname="AASAutomation.test.ProductSettingTest" name="ProductSettingSingleUpdate_AG" time="1.602"/>
  <system-out/>
  <testcase classname="AASAutomation.test.ProductSettingTest" name="ProductSettingSingleUpdate_AG" time="1.637"/>
  <system-out/>
  <testcase classname="AASAutomation.test.ProductSettingTest" name="ProductSettingSingleUpdate_AG" time="1.512"/>
  <system-out/>
  <testcase classname="AASAutomation.test.ProductSettingTest" name="ProductSettingSingleUpdate_AG" time="1.526"/>
  <system-out/>
  <testcase classname="AASAutomation.test.ProductSettingTest" name="ProductSettingSingleUpdate_AG" time="1.570"/>
  <system-out/>
  <testcase classname="AASAutomation.test.ProductSettingTest" name="ProductSettingSingleUpdate_AG" time="6.674"/>
  <system-out/>
  <testcase classname="AASAutomation.test.ProductSettingTest" name="ProductSettingSingleUpdate_AG" time="1.687"/>
  <system-out/>
  <testcase classname="AASAutomation.test.ProductSettingTest" name="ProductSettingSingleUpdate_AG" time="1.400"/>
  <system-out/>
  <testcase classname="AASAutomation.test.ProductSettingTest" name="ProductSettingSingleUpdate_AG" time="3.499"/>
  <system-out/>
  <testcase classname="AASAutomation.test.ProductSettingTest" name="ProductSettingSingleUpdate_AG" time="1.614"/>
  <system-out/>
  <testcase classname="AASAutomation.test.ProductSettingTest" name="ProductSettingSingleUpdate_AG" time="1.531"/>
  <system-out/>
  <testcase classname="AASAutomation.test.ProductSettingTest" name="ProductSettingSingleUpdate_AG" time="1.609"/>
  <system-out/>
  <testcase classname="AASAutomation.test.ProductSettingTest" name="ProductSettingSingleUpdate_AG" time="1.766"/>
  <system-out/>
  <testcase classname="AASAutomation.test.ProductSettingTest" name="ProductSettingGroupUpdate_AG" time="2.137"/>
  <system-out/>
  <testcase classname="AASAutomation.test.ProductSettingTest" name="ProductSettingGroupCheck_AG" time="0.142"/>
  <system-out/>
  <testcase classname="AASAutomation.test.ProductSettingTest" name="ProductSettingGroupCheck_AG" time="0.099"/>
  <system-out/>
  <testcase classname="AASAutomation.test.ProductSettingTest" name="ProductSettingGroupCheck_AG" time="0.088"/>
  <system-out/>
  <testcase classname="AASAutomation.test.ProductSettingTest" name="ProductSettingGroupCheck_AG" time="0.121"/>
  <system-out/>
  <testcase classname="AASAutomation.test.ProductSettingTest" name="ProductSettingGroupCheck_AG" time="0.218"/>
  <system-out/>
  <testcase classname="AASAutomation.test.ProductSettingTest" name="ProductSettingGroupCheck_AG" time="0.201"/>
  <system-out/>
  <testcase classname="AASAutomation.test.ProductSettingTest" name="ProductSettingGroupCheck_AG" time="0.250"/>
  <system-out/>
  <testcase classname="AASAutomation.test.ProductSettingTest" name="ProductSettingGroupCheck_AG" time="0.209"/>
  <system-out/>
  <testcase classname="AASAutomation.test.ProductSettingTest" name="ProductSettingGroupCheck_AG" time="0.153"/>
  <system-out/>
  <testcase classname="AASAutomation.test.ProductSettingTest" name="ProductSettingGroupCheck_AG" time="0.242"/>
  <system-out/>
  <testcase classname="AASAutomation.test.ProductSettingTest" name="ProductSettingGroupCheck_AG" time="0.188"/>
  <system-out/>
  <testcase classname="AASAutomation.test.ProductSettingTest" name="ProductSettingGroupCheck_AG" time="0.114"/>
  <system-out/>
  <testcase classname="AASAutomation.test.ProductSettingTest" name="ProductSettingGroupCheck_AG" time="0.178"/>
  <system-out/>
  <testcase classname="AASAutomation.test.ProductSettingTest" name="ProductSettingGroupCheck_AG" time="0.165"/>
  <system-out/>
  <testcase classname="AASAutomation.test.ProductSettingTest" name="ProductSettingGroupCheck_AG" time="0.115"/>
  <system-out/>
  <testcase classname="AASAutomation.test.ProductSettingTest" name="ProductSettingGroupCheck_AG" time="0.235"/>
  <system-out/>
  <testcase classname="AASAutomation.test.ProductSettingTest" name="ProductSettingGroupCheck_AG" time="0.131"/>
  <system-out/>
</testsuite> <!-- AASAutomation.test.ProductSettingTest -->
