<?xml version="1.0" encoding="UTF-8"?>
<!-- Generated by org.testng.reporters.JUnitReportReporter -->
<testsuite hostname="JunWoos-MacBook-Pro.local" failures="0" tests="90" name="AASAutomation.test.ExtraPTTest" time="121.113" errors="0" timestamp="2023-04-02T19:44:28 MYT" skipped="0">
  <testcase classname="AASAutomation.test.ExtraPTTest" name="SeamlessSectionSetUp" time="2.009"/>
  <system-out/>
  <testcase classname="AASAutomation.test.ExtraPTTest" name="SeamlessExtraPTSingleUpdate" time="1.928"/>
  <system-out/>
  <testcase classname="AASAutomation.test.ExtraPTTest" name="SeamlessExtraPTSingleUpdate" time="1.808"/>
  <system-out/>
  <testcase classname="AASAutomation.test.ExtraPTTest" name="SeamlessExtraPTSingleUpdate" time="2.197"/>
  <system-out/>
  <testcase classname="AASAutomation.test.ExtraPTTest" name="SeamlessExtraPTSingleUpdate" time="2.015"/>
  <system-out/>
  <testcase classname="AASAutomation.test.ExtraPTTest" name="SeamlessExtraPTSingleUpdate" time="2.035"/>
  <system-out/>
  <testcase classname="AASAutomation.test.ExtraPTTest" name="SeamlessExtraPTSingleUpdate" time="2.036"/>
  <system-out/>
  <testcase classname="AASAutomation.test.ExtraPTTest" name="SeamlessExtraPTSingleUpdate" time="2.089"/>
  <system-out/>
  <testcase classname="AASAutomation.test.ExtraPTTest" name="SeamlessExtraPTSingleUpdate" time="2.036"/>
  <system-out/>
  <testcase classname="AASAutomation.test.ExtraPTTest" name="SeamlessExtraPTSingleUpdate" time="1.770"/>
  <system-out/>
  <testcase classname="AASAutomation.test.ExtraPTTest" name="SeamlessExtraPTSingleUpdate" time="1.870"/>
  <system-out/>
  <testcase classname="AASAutomation.test.ExtraPTTest" name="SeamlessExtraPTSingleUpdate" time="1.858"/>
  <system-out/>
  <testcase classname="AASAutomation.test.ExtraPTTest" name="SeamlessExtraPTSingleUpdate" time="1.799"/>
  <system-out/>
  <testcase classname="AASAutomation.test.ExtraPTTest" name="SeamlessExtraPTSingleUpdate" time="2.190"/>
  <system-out/>
  <testcase classname="AASAutomation.test.ExtraPTTest" name="SeamlessExtraPTSingleUpdate" time="1.979"/>
  <system-out/>
  <testcase classname="AASAutomation.test.ExtraPTTest" name="SeamlessExtraPTSingleUpdate" time="2.826"/>
  <system-out/>
  <testcase classname="AASAutomation.test.ExtraPTTest" name="SeamlessExtraPTSingleUpdate" time="2.032"/>
  <system-out/>
  <testcase classname="AASAutomation.test.ExtraPTTest" name="SeamlessExtraPTSingleUpdate" time="2.345"/>
  <system-out/>
  <testcase classname="AASAutomation.test.ExtraPTTest" name="SeamlessExtraPTSingleUpdate" time="2.585"/>
  <system-out/>
  <testcase classname="AASAutomation.test.ExtraPTTest" name="SeamlessExtraPTSingleUpdate" time="2.062"/>
  <system-out/>
  <testcase classname="AASAutomation.test.ExtraPTTest" name="SeamlessExtraPTSingleUpdate" time="2.044"/>
  <system-out/>
  <testcase classname="AASAutomation.test.ExtraPTTest" name="SeamlessExtraPTSingleUpdate" time="2.330"/>
  <system-out/>
  <testcase classname="AASAutomation.test.ExtraPTTest" name="SeamlessExtraPTSingleUpdate" time="2.332"/>
  <system-out/>
  <testcase classname="AASAutomation.test.ExtraPTTest" name="SeamlessExtraPTSingleUpdate" time="1.924"/>
  <system-out/>
  <testcase classname="AASAutomation.test.ExtraPTTest" name="SeamlessExtraPTSingleUpdate" time="5.670"/>
  <system-out/>
  <testcase classname="AASAutomation.test.ExtraPTTest" name="SeamlessExtraPTSingleUpdate" time="1.947"/>
  <system-out/>
  <testcase classname="AASAutomation.test.ExtraPTTest" name="SeamlessExtraPTSingleUpdate" time="5.300"/>
  <system-out/>
  <testcase classname="AASAutomation.test.ExtraPTTest" name="SeamlessExtraPTGroupUpdate" time="3.745"/>
  <system-out/>
  <testcase classname="AASAutomation.test.ExtraPTTest" name="SeamlessExtraPTGroupCheck" time="0.168"/>
  <system-out/>
  <testcase classname="AASAutomation.test.ExtraPTTest" name="SeamlessExtraPTGroupCheck" time="0.094"/>
  <system-out/>
  <testcase classname="AASAutomation.test.ExtraPTTest" name="SeamlessExtraPTGroupCheck" time="0.141"/>
  <system-out/>
  <testcase classname="AASAutomation.test.ExtraPTTest" name="SeamlessExtraPTGroupCheck" time="0.222"/>
  <system-out/>
  <testcase classname="AASAutomation.test.ExtraPTTest" name="SeamlessExtraPTGroupCheck" time="0.110"/>
  <system-out/>
  <testcase classname="AASAutomation.test.ExtraPTTest" name="SeamlessExtraPTGroupCheck" time="0.123"/>
  <system-out/>
  <testcase classname="AASAutomation.test.ExtraPTTest" name="SeamlessExtraPTGroupCheck" time="0.130"/>
  <system-out/>
  <testcase classname="AASAutomation.test.ExtraPTTest" name="SeamlessExtraPTGroupCheck" time="0.165"/>
  <system-out/>
  <testcase classname="AASAutomation.test.ExtraPTTest" name="SeamlessExtraPTGroupCheck" time="0.198"/>
  <system-out/>
  <testcase classname="AASAutomation.test.ExtraPTTest" name="SeamlessExtraPTGroupCheck" time="0.184"/>
  <system-out/>
  <testcase classname="AASAutomation.test.ExtraPTTest" name="SeamlessExtraPTGroupCheck" time="0.087"/>
  <system-out/>
  <testcase classname="AASAutomation.test.ExtraPTTest" name="SeamlessExtraPTGroupCheck" time="0.239"/>
  <system-out/>
  <testcase classname="AASAutomation.test.ExtraPTTest" name="SeamlessExtraPTGroupCheck" time="0.265"/>
  <system-out/>
  <testcase classname="AASAutomation.test.ExtraPTTest" name="SeamlessExtraPTGroupCheck" time="0.137"/>
  <system-out/>
  <testcase classname="AASAutomation.test.ExtraPTTest" name="SeamlessExtraPTGroupCheck" time="0.176"/>
  <system-out/>
  <testcase classname="AASAutomation.test.ExtraPTTest" name="SeamlessExtraPTGroupCheck" time="0.267"/>
  <system-out/>
  <testcase classname="AASAutomation.test.ExtraPTTest" name="SeamlessExtraPTGroupCheck" time="0.281"/>
  <system-out/>
  <testcase classname="AASAutomation.test.ExtraPTTest" name="SeamlessExtraPTGroupCheck" time="0.195"/>
  <system-out/>
  <testcase classname="AASAutomation.test.ExtraPTTest" name="SeamlessExtraPTGroupCheck" time="0.268"/>
  <system-out/>
  <testcase classname="AASAutomation.test.ExtraPTTest" name="SeamlessExtraPTGroupCheck" time="0.102"/>
  <system-out/>
  <testcase classname="AASAutomation.test.ExtraPTTest" name="SeamlessExtraPTGroupCheck" time="0.167"/>
  <system-out/>
  <testcase classname="AASAutomation.test.ExtraPTTest" name="SeamlessExtraPTGroupCheck" time="0.208"/>
  <system-out/>
  <testcase classname="AASAutomation.test.ExtraPTTest" name="SeamlessExtraPTGroupCheck" time="0.295"/>
  <system-out/>
  <testcase classname="AASAutomation.test.ExtraPTTest" name="SeamlessExtraPTGroupCheck" time="0.464"/>
  <system-out/>
  <testcase classname="AASAutomation.test.ExtraPTTest" name="SeamlessExtraPTGroupCheck" time="0.274"/>
  <system-out/>
  <testcase classname="AASAutomation.test.ExtraPTTest" name="SeamlessExtraPTGroupCheck" time="0.216"/>
  <system-out/>
  <testcase classname="AASAutomation.test.ExtraPTTest" name="WalletSectionSetUp" time="2.197"/>
  <system-out/>
  <testcase classname="AASAutomation.test.ExtraPTTest" name="WalletExtraPTSingleUpdate" time="2.074"/>
  <system-out/>
  <testcase classname="AASAutomation.test.ExtraPTTest" name="WalletExtraPTSingleUpdate" time="2.113"/>
  <system-out/>
  <testcase classname="AASAutomation.test.ExtraPTTest" name="WalletExtraPTSingleUpdate" time="2.001"/>
  <system-out/>
  <testcase classname="AASAutomation.test.ExtraPTTest" name="WalletExtraPTSingleUpdate" time="2.161"/>
  <system-out/>
  <testcase classname="AASAutomation.test.ExtraPTTest" name="WalletExtraPTSingleUpdate" time="4.629"/>
  <system-out/>
  <testcase classname="AASAutomation.test.ExtraPTTest" name="WalletExtraPTSingleUpdate" time="2.319"/>
  <system-out/>
  <testcase classname="AASAutomation.test.ExtraPTTest" name="WalletExtraPTSingleUpdate" time="1.926"/>
  <system-out/>
  <testcase classname="AASAutomation.test.ExtraPTTest" name="WalletExtraPTSingleUpdate" time="1.971"/>
  <system-out/>
  <testcase classname="AASAutomation.test.ExtraPTTest" name="WalletExtraPTSingleUpdate" time="5.942"/>
  <system-out/>
  <testcase classname="AASAutomation.test.ExtraPTTest" name="WalletExtraPTSingleUpdate" time="2.061"/>
  <system-out/>
  <testcase classname="AASAutomation.test.ExtraPTTest" name="WalletExtraPTSingleUpdate" time="1.869"/>
  <system-out/>
  <testcase classname="AASAutomation.test.ExtraPTTest" name="WalletExtraPTSingleUpdate" time="1.777"/>
  <system-out/>
  <testcase classname="AASAutomation.test.ExtraPTTest" name="WalletExtraPTSingleUpdate" time="1.827"/>
  <system-out/>
  <testcase classname="AASAutomation.test.ExtraPTTest" name="WalletExtraPTSingleUpdate" time="1.923"/>
  <system-out/>
  <testcase classname="AASAutomation.test.ExtraPTTest" name="WalletExtraPTSingleUpdate" time="1.746"/>
  <system-out/>
  <testcase classname="AASAutomation.test.ExtraPTTest" name="WalletExtraPTSingleUpdate" time="2.253"/>
  <system-out/>
  <testcase classname="AASAutomation.test.ExtraPTTest" name="WalletExtraPTSingleUpdate" time="2.293"/>
  <system-out/>
  <testcase classname="AASAutomation.test.ExtraPTTest" name="WalletExtraPTGroupUpdate" time="3.049"/>
  <system-out/>
  <testcase classname="AASAutomation.test.ExtraPTTest" name="WalletExtraPTGroupCheck" time="0.150"/>
  <system-out/>
  <testcase classname="AASAutomation.test.ExtraPTTest" name="WalletExtraPTGroupCheck" time="0.473"/>
  <system-out/>
  <testcase classname="AASAutomation.test.ExtraPTTest" name="WalletExtraPTGroupCheck" time="0.092"/>
  <system-out/>
  <testcase classname="AASAutomation.test.ExtraPTTest" name="WalletExtraPTGroupCheck" time="0.102"/>
  <system-out/>
  <testcase classname="AASAutomation.test.ExtraPTTest" name="WalletExtraPTGroupCheck" time="0.165"/>
  <system-out/>
  <testcase classname="AASAutomation.test.ExtraPTTest" name="WalletExtraPTGroupCheck" time="0.220"/>
  <system-out/>
  <testcase classname="AASAutomation.test.ExtraPTTest" name="WalletExtraPTGroupCheck" time="0.227"/>
  <system-out/>
  <testcase classname="AASAutomation.test.ExtraPTTest" name="WalletExtraPTGroupCheck" time="0.155"/>
  <system-out/>
  <testcase classname="AASAutomation.test.ExtraPTTest" name="WalletExtraPTGroupCheck" time="0.118"/>
  <system-out/>
  <testcase classname="AASAutomation.test.ExtraPTTest" name="WalletExtraPTGroupCheck" time="0.212"/>
  <system-out/>
  <testcase classname="AASAutomation.test.ExtraPTTest" name="WalletExtraPTGroupCheck" time="0.200"/>
  <system-out/>
  <testcase classname="AASAutomation.test.ExtraPTTest" name="WalletExtraPTGroupCheck" time="0.116"/>
  <system-out/>
  <testcase classname="AASAutomation.test.ExtraPTTest" name="WalletExtraPTGroupCheck" time="0.192"/>
  <system-out/>
  <testcase classname="AASAutomation.test.ExtraPTTest" name="WalletExtraPTGroupCheck" time="0.135"/>
  <system-out/>
  <testcase classname="AASAutomation.test.ExtraPTTest" name="WalletExtraPTGroupCheck" time="0.187"/>
  <system-out/>
  <testcase classname="AASAutomation.test.ExtraPTTest" name="WalletExtraPTGroupCheck" time="0.173"/>
  <system-out/>
  <testcase classname="AASAutomation.test.ExtraPTTest" name="WalletExtraPTGroupCheck" time="0.128"/>
  <system-out/>
</testsuite> <!-- AASAutomation.test.ExtraPTTest -->
